{"uid":"45bc03b5a3092683","name":"checkCountExercisesWithFilterByEquipment","fullName":"tests.ExerciseDatabasePageTest.checkCountExercisesWithFilterByEquipment","historyId":"74fb40f1d16cfa29691258d467c4516b","time":{"start":1736940839309,"stop":1736940933704,"duration":94395},"description":"Test filter by equipment with validation of the number of exercises","descriptionHtml":"<p>Test filter by equipment with validation of the number of exercises</p>\n","status":"failed","statusMessage":"Invalid element state [By.xpath: //button[@type = 'button']/descendant::p[text() = 'Bench']]: element click intercepted: Element <p data-slot=\"text\" class=\"text-base/6 dark:d-main-black font-semibold text-jefit-blue\">...</p> is not clickable at point (760, 677). Other element would receive the click: <span class=\"absolute left-1/2 top-1/2 size-[max(100%,2.75rem)] -translate-x-1/2 -translate-y-1/2 [@media(pointer:fine)]:hidden\" aria-hidden=\"true\"></span>\nScreenshot: file:/home/runner/work/Jefit/Jefit/build/reports/tests/1736940933050.0.png\nPage source: file:/home/runner/work/Jefit/Jefit/build/reports/tests/1736940933050.0.html\nTimeout: 90 s.\nCaused by: ElementClickInterceptedException: element click intercepted: Element <p data-slot=\"text\" class=\"text-base/6 dark:d-main-black font-semibold text-jefit-blue\">...</p> is not clickable at point (760, 677). Other element would receive the click: <span class=\"absolute left-1/2 top-1/2 size-[max(100%,2.75rem)] -translate-x-1/2 -translate-y-1/2 [@media(pointer:fine)]:hidden\" aria-hidden=\"true\"></span>","statusTrace":"Invalid element state [By.xpath: //button[@type = 'button']/descendant::p[text() = 'Bench']]: element click intercepted: Element <p data-slot=\"text\" class=\"text-base/6 dark:d-main-black font-semibold text-jefit-blue\">...</p> is not clickable at point (760, 677). Other element would receive the click: <span class=\"absolute left-1/2 top-1/2 size-[max(100%,2.75rem)] -translate-x-1/2 -translate-y-1/2 [@media(pointer:fine)]:hidden\" aria-hidden=\"true\"></span>\nScreenshot: file:/home/runner/work/Jefit/Jefit/build/reports/tests/1736940933050.0.png\nPage source: file:/home/runner/work/Jefit/Jefit/build/reports/tests/1736940933050.0.html\nTimeout: 90 s.\nCaused by: ElementClickInterceptedException: element click intercepted: Element <p data-slot=\"text\" class=\"text-base/6 dark:d-main-black font-semibold text-jefit-blue\">...</p> is not clickable at point (760, 677). Other element would receive the click: <span class=\"absolute left-1/2 top-1/2 size-[max(100%,2.75rem)] -translate-x-1/2 -translate-y-1/2 [@media(pointer:fine)]:hidden\" aria-hidden=\"true\"></span>\n\tat com.codeborne.selenide.impl.ExceptionWrapper.wrap(ExceptionWrapper.java:19)\n\tat com.codeborne.selenide.impl.SelenideElementProxy.dispatchAndRetry(SelenideElementProxy.java:153)\n\tat com.codeborne.selenide.impl.SelenideElementProxy.invoke(SelenideElementProxy.java:83)\n\tat jdk.proxy2/jdk.proxy2.$Proxy32.click(Unknown Source)\n\tat pages.ExerciseDatabasePage.chooseEquipmentGroup(ExerciseDatabasePage.java:70)\n\tat tests.ExerciseDatabasePageTest.checkCountExercisesWithFilterByEquipment(ExerciseDatabasePageTest.java:44)\n\tat java.base/jdk.internal.reflect.NativeMethodAccessorImpl.invoke0(Native Method)\n\tat java.base/jdk.internal.reflect.NativeMethodAccessorImpl.invoke(NativeMethodAccessorImpl.java:77)\n\tat java.base/jdk.internal.reflect.DelegatingMethodAccessorImpl.invoke(DelegatingMethodAccessorImpl.java:43)\n\tat java.base/java.lang.reflect.Method.invoke(Method.java:569)\n\tat org.testng.internal.invokers.MethodInvocationHelper.invokeMethod(MethodInvocationHelper.java:141)\n\tat org.testng.internal.invokers.TestInvoker.invokeMethod(TestInvoker.java:686)\n\tat org.testng.internal.invokers.TestInvoker.invokeTestMethod(TestInvoker.java:230)\n\tat org.testng.internal.invokers.MethodRunner.runInSequence(MethodRunner.java:63)\n\tat org.testng.internal.invokers.TestInvoker$MethodInvocationAgent.invoke(TestInvoker.java:992)\n\tat org.testng.internal.invokers.TestInvoker.invokeTestMethods(TestInvoker.java:203)\n\tat org.testng.internal.invokers.TestMethodWorker.invokeTestMethods(TestMethodWorker.java:154)\n\tat org.testng.internal.invokers.TestMethodWorker.run(TestMethodWorker.java:134)\n\tat java.base/java.util.ArrayList.forEach(ArrayList.java:1511)\n\tat org.testng.TestRunner.privateRun(TestRunner.java:739)\n\tat org.testng.TestRunner.run(TestRunner.java:614)\n\tat org.testng.SuiteRunner.runTest(SuiteRunner.java:421)\n\tat org.testng.SuiteRunner.runSequentially(SuiteRunner.java:413)\n\tat org.testng.SuiteRunner.privateRun(SuiteRunner.java:373)\n\tat org.testng.SuiteRunner.run(SuiteRunner.java:312)\n\tat org.testng.SuiteRunnerWorker.runSuite(SuiteRunnerWorker.java:52)\n\tat org.testng.SuiteRunnerWorker.run(SuiteRunnerWorker.java:95)\n\tat org.testng.TestNG.runSuitesSequentially(TestNG.java:1274)\n\tat org.testng.TestNG.runSuitesLocally(TestNG.java:1208)\n\tat org.testng.TestNG.runSuites(TestNG.java:1112)\n\tat org.testng.TestNG.run(TestNG.java:1079)\n\tat org.apache.maven.surefire.testng.TestNGExecutor.run(TestNGExecutor.java:155)\n\tat org.apache.maven.surefire.testng.TestNGDirectoryTestSuite.executeMulti(TestNGDirectoryTestSuite.java:169)\n\tat org.apache.maven.surefire.testng.TestNGDirectoryTestSuite.execute(TestNGDirectoryTestSuite.java:88)\n\tat org.apache.maven.surefire.testng.TestNGProvider.invoke(TestNGProvider.java:137)\n\tat org.apache.maven.surefire.booter.ForkedBooter.runSuitesInProcess(ForkedBooter.java:385)\n\tat org.apache.maven.surefire.booter.ForkedBooter.execute(ForkedBooter.java:162)\n\tat org.apache.maven.surefire.booter.ForkedBooter.run(ForkedBooter.java:507)\n\tat org.apache.maven.surefire.booter.ForkedBooter.main(ForkedBooter.java:495)\nCaused by: org.openqa.selenium.ElementClickInterceptedException: element click intercepted: Element <p data-slot=\"text\" class=\"text-base/6 dark:d-main-black font-semibold text-jefit-blue\">...</p> is not clickable at point (760, 677). Other element would receive the click: <span class=\"absolute left-1/2 top-1/2 size-[max(100%,2.75rem)] -translate-x-1/2 -translate-y-1/2 [@media(pointer:fine)]:hidden\" aria-hidden=\"true\"></span>\n  (Session info: chrome=131.0.6778.264)\nBuild info: version: '4.27.0', revision: 'd6e718d134'\nSystem info: os.name: 'Linux', os.arch: 'amd64', os.version: '6.8.0-1017-azure', java.version: '17.0.13'\nDriver info: org.openqa.selenium.chrome.ChromeDriver\nCommand: [2273a22f8e670b8dca3c0ed8cefcf791, clickElement {id=f.59D9FD7CFD3708BC48363836A3761408.d.A4A679384BF8551131ABE0372631D940.e.73}]\nCapabilities {acceptInsecureCerts: true, browserName: chrome, browserVersion: 131.0.6778.264, chrome: {chromedriverVersion: 131.0.6778.264 (2d05e315153..., userDataDir: /tmp/.org.chromium.Chromium...}, fedcm:accounts: true, goog:chromeOptions: {debuggerAddress: localhost:42031}, networkConnectionEnabled: false, pageLoadStrategy: normal, platformName: linux, proxy: Proxy(), se:cdp: ws://localhost:42031/devtoo..., se:cdpVersion: 131.0.6778.264, setWindowRect: true, strictFileInteractability: false, timeouts: {implicit: 0, pageLoad: 300000, script: 30000}, unhandledPromptBehavior: accept, webauthn:extension:credBlob: true, webauthn:extension:largeBlob: true, webauthn:extension:minPinLength: true, webauthn:extension:prf: true, webauthn:virtualAuthenticators: true}\nElement: [[ChromeDriver: chrome on linux (2273a22f8e670b8dca3c0ed8cefcf791)] -> xpath: //button[@type = 'button']/descendant::p[text() = 'Bench']]\nSession ID: 2273a22f8e670b8dca3c0ed8cefcf791\n\tat jdk.internal.reflect.GeneratedConstructorAccessor20.newInstance(Unknown Source)\n\tat java.base/jdk.internal.reflect.DelegatingConstructorAccessorImpl.newInstance(DelegatingConstructorAccessorImpl.java:45)\n\tat java.base/java.lang.reflect.Constructor.newInstanceWithCaller(Constructor.java:500)\n\tat java.base/java.lang.reflect.Constructor.newInstance(Constructor.java:481)\n\tat org.openqa.selenium.remote.ErrorCodec.decode(ErrorCodec.java:167)\n\tat org.openqa.selenium.remote.codec.w3c.W3CHttpResponseCodec.decode(W3CHttpResponseCodec.java:138)\n\tat org.openqa.selenium.remote.codec.w3c.W3CHttpResponseCodec.decode(W3CHttpResponseCodec.java:50)\n\tat org.openqa.selenium.remote.HttpCommandExecutor.execute(HttpCommandExecutor.java:190)\n\tat org.openqa.selenium.remote.service.DriverCommandExecutor.invokeExecute(DriverCommandExecutor.java:216)\n\tat org.openqa.selenium.remote.service.DriverCommandExecutor.execute(DriverCommandExecutor.java:174)\n\tat org.openqa.selenium.remote.RemoteWebDriver.execute(RemoteWebDriver.java:545)\n\tat org.openqa.selenium.remote.RemoteWebElement.execute(RemoteWebElement.java:223)\n\tat org.openqa.selenium.remote.RemoteWebElement.click(RemoteWebElement.java:76)\n\tat com.codeborne.selenide.commands.Click.defaultClick(Click.java:94)\n\tat com.codeborne.selenide.commands.Click.doClick(Click.java:72)\n\tat com.codeborne.selenide.commands.Click.click(Click.java:48)\n\tat com.codeborne.selenide.commands.Click.execute(Click.java:28)\n\tat com.codeborne.selenide.FluentCommand.execute(FluentCommand.java:27)\n\tat com.codeborne.selenide.FluentCommand.execute(FluentCommand.java:19)\n\tat com.codeborne.selenide.commands.Commands.execute(Commands.java:159)\n\tat com.codeborne.selenide.impl.SelenideElementProxy.dispatchAndRetry(SelenideElementProxy.java:131)\n\t... 37 more\n","flaky":false,"newFailed":false,"newBroken":false,"newPassed":false,"retriesCount":0,"retriesStatusChange":false,"beforeStages":[{"name":"setUp","time":{"start":1736940839029,"stop":1736940839307,"duration":278},"description":"","status":"passed","steps":[{"name":"$(\"open\") ","time":{"start":1736940839029,"stop":1736940839306,"duration":277},"status":"passed","steps":[{"name":"$(\"webdriver\") create()","time":{"start":1736940839030,"stop":1736940839306,"duration":276},"status":"passed","steps":[],"attachments":[],"parameters":[],"shouldDisplayMessage":false,"stepsCount":0,"attachmentsCount":0,"hasContent":false,"attachmentStep":false}],"attachments":[],"parameters":[],"shouldDisplayMessage":false,"stepsCount":1,"attachmentsCount":0,"hasContent":true,"attachmentStep":false}],"attachments":[],"parameters":[],"shouldDisplayMessage":false,"stepsCount":2,"attachmentsCount":0,"hasContent":true,"attachmentStep":false}],"testStage":{"description":"Test filter by equipment with validation of the number of exercises","status":"failed","statusMessage":"Invalid element state [By.xpath: //button[@type = 'button']/descendant::p[text() = 'Bench']]: element click intercepted: Element <p data-slot=\"text\" class=\"text-base/6 dark:d-main-black font-semibold text-jefit-blue\">...</p> is not clickable at point (760, 677). Other element would receive the click: <span class=\"absolute left-1/2 top-1/2 size-[max(100%,2.75rem)] -translate-x-1/2 -translate-y-1/2 [@media(pointer:fine)]:hidden\" aria-hidden=\"true\"></span>\nScreenshot: file:/home/runner/work/Jefit/Jefit/build/reports/tests/1736940933050.0.png\nPage source: file:/home/runner/work/Jefit/Jefit/build/reports/tests/1736940933050.0.html\nTimeout: 90 s.\nCaused by: ElementClickInterceptedException: element click intercepted: Element <p data-slot=\"text\" class=\"text-base/6 dark:d-main-black font-semibold text-jefit-blue\">...</p> is not clickable at point (760, 677). Other element would receive the click: <span class=\"absolute left-1/2 top-1/2 size-[max(100%,2.75rem)] -translate-x-1/2 -translate-y-1/2 [@media(pointer:fine)]:hidden\" aria-hidden=\"true\"></span>","statusTrace":"Invalid element state [By.xpath: //button[@type = 'button']/descendant::p[text() = 'Bench']]: element click intercepted: Element <p data-slot=\"text\" class=\"text-base/6 dark:d-main-black font-semibold text-jefit-blue\">...</p> is not clickable at point (760, 677). Other element would receive the click: <span class=\"absolute left-1/2 top-1/2 size-[max(100%,2.75rem)] -translate-x-1/2 -translate-y-1/2 [@media(pointer:fine)]:hidden\" aria-hidden=\"true\"></span>\nScreenshot: file:/home/runner/work/Jefit/Jefit/build/reports/tests/1736940933050.0.png\nPage source: file:/home/runner/work/Jefit/Jefit/build/reports/tests/1736940933050.0.html\nTimeout: 90 s.\nCaused by: ElementClickInterceptedException: element click intercepted: Element <p data-slot=\"text\" class=\"text-base/6 dark:d-main-black font-semibold text-jefit-blue\">...</p> is not clickable at point (760, 677). Other element would receive the click: <span class=\"absolute left-1/2 top-1/2 size-[max(100%,2.75rem)] -translate-x-1/2 -translate-y-1/2 [@media(pointer:fine)]:hidden\" aria-hidden=\"true\"></span>\n\tat com.codeborne.selenide.impl.ExceptionWrapper.wrap(ExceptionWrapper.java:19)\n\tat com.codeborne.selenide.impl.SelenideElementProxy.dispatchAndRetry(SelenideElementProxy.java:153)\n\tat com.codeborne.selenide.impl.SelenideElementProxy.invoke(SelenideElementProxy.java:83)\n\tat jdk.proxy2/jdk.proxy2.$Proxy32.click(Unknown Source)\n\tat pages.ExerciseDatabasePage.chooseEquipmentGroup(ExerciseDatabasePage.java:70)\n\tat tests.ExerciseDatabasePageTest.checkCountExercisesWithFilterByEquipment(ExerciseDatabasePageTest.java:44)\n\tat java.base/jdk.internal.reflect.NativeMethodAccessorImpl.invoke0(Native Method)\n\tat java.base/jdk.internal.reflect.NativeMethodAccessorImpl.invoke(NativeMethodAccessorImpl.java:77)\n\tat java.base/jdk.internal.reflect.DelegatingMethodAccessorImpl.invoke(DelegatingMethodAccessorImpl.java:43)\n\tat java.base/java.lang.reflect.Method.invoke(Method.java:569)\n\tat org.testng.internal.invokers.MethodInvocationHelper.invokeMethod(MethodInvocationHelper.java:141)\n\tat org.testng.internal.invokers.TestInvoker.invokeMethod(TestInvoker.java:686)\n\tat org.testng.internal.invokers.TestInvoker.invokeTestMethod(TestInvoker.java:230)\n\tat org.testng.internal.invokers.MethodRunner.runInSequence(MethodRunner.java:63)\n\tat org.testng.internal.invokers.TestInvoker$MethodInvocationAgent.invoke(TestInvoker.java:992)\n\tat org.testng.internal.invokers.TestInvoker.invokeTestMethods(TestInvoker.java:203)\n\tat org.testng.internal.invokers.TestMethodWorker.invokeTestMethods(TestMethodWorker.java:154)\n\tat org.testng.internal.invokers.TestMethodWorker.run(TestMethodWorker.java:134)\n\tat java.base/java.util.ArrayList.forEach(ArrayList.java:1511)\n\tat org.testng.TestRunner.privateRun(TestRunner.java:739)\n\tat org.testng.TestRunner.run(TestRunner.java:614)\n\tat org.testng.SuiteRunner.runTest(SuiteRunner.java:421)\n\tat org.testng.SuiteRunner.runSequentially(SuiteRunner.java:413)\n\tat org.testng.SuiteRunner.privateRun(SuiteRunner.java:373)\n\tat org.testng.SuiteRunner.run(SuiteRunner.java:312)\n\tat org.testng.SuiteRunnerWorker.runSuite(SuiteRunnerWorker.java:52)\n\tat org.testng.SuiteRunnerWorker.run(SuiteRunnerWorker.java:95)\n\tat org.testng.TestNG.runSuitesSequentially(TestNG.java:1274)\n\tat org.testng.TestNG.runSuitesLocally(TestNG.java:1208)\n\tat org.testng.TestNG.runSuites(TestNG.java:1112)\n\tat org.testng.TestNG.run(TestNG.java:1079)\n\tat org.apache.maven.surefire.testng.TestNGExecutor.run(TestNGExecutor.java:155)\n\tat org.apache.maven.surefire.testng.TestNGDirectoryTestSuite.executeMulti(TestNGDirectoryTestSuite.java:169)\n\tat org.apache.maven.surefire.testng.TestNGDirectoryTestSuite.execute(TestNGDirectoryTestSuite.java:88)\n\tat org.apache.maven.surefire.testng.TestNGProvider.invoke(TestNGProvider.java:137)\n\tat org.apache.maven.surefire.booter.ForkedBooter.runSuitesInProcess(ForkedBooter.java:385)\n\tat org.apache.maven.surefire.booter.ForkedBooter.execute(ForkedBooter.java:162)\n\tat org.apache.maven.surefire.booter.ForkedBooter.run(ForkedBooter.java:507)\n\tat org.apache.maven.surefire.booter.ForkedBooter.main(ForkedBooter.java:495)\nCaused by: org.openqa.selenium.ElementClickInterceptedException: element click intercepted: Element <p data-slot=\"text\" class=\"text-base/6 dark:d-main-black font-semibold text-jefit-blue\">...</p> is not clickable at point (760, 677). Other element would receive the click: <span class=\"absolute left-1/2 top-1/2 size-[max(100%,2.75rem)] -translate-x-1/2 -translate-y-1/2 [@media(pointer:fine)]:hidden\" aria-hidden=\"true\"></span>\n  (Session info: chrome=131.0.6778.264)\nBuild info: version: '4.27.0', revision: 'd6e718d134'\nSystem info: os.name: 'Linux', os.arch: 'amd64', os.version: '6.8.0-1017-azure', java.version: '17.0.13'\nDriver info: org.openqa.selenium.chrome.ChromeDriver\nCommand: [2273a22f8e670b8dca3c0ed8cefcf791, clickElement {id=f.59D9FD7CFD3708BC48363836A3761408.d.A4A679384BF8551131ABE0372631D940.e.73}]\nCapabilities {acceptInsecureCerts: true, browserName: chrome, browserVersion: 131.0.6778.264, chrome: {chromedriverVersion: 131.0.6778.264 (2d05e315153..., userDataDir: /tmp/.org.chromium.Chromium...}, fedcm:accounts: true, goog:chromeOptions: {debuggerAddress: localhost:42031}, networkConnectionEnabled: false, pageLoadStrategy: normal, platformName: linux, proxy: Proxy(), se:cdp: ws://localhost:42031/devtoo..., se:cdpVersion: 131.0.6778.264, setWindowRect: true, strictFileInteractability: false, timeouts: {implicit: 0, pageLoad: 300000, script: 30000}, unhandledPromptBehavior: accept, webauthn:extension:credBlob: true, webauthn:extension:largeBlob: true, webauthn:extension:minPinLength: true, webauthn:extension:prf: true, webauthn:virtualAuthenticators: true}\nElement: [[ChromeDriver: chrome on linux (2273a22f8e670b8dca3c0ed8cefcf791)] -> xpath: //button[@type = 'button']/descendant::p[text() = 'Bench']]\nSession ID: 2273a22f8e670b8dca3c0ed8cefcf791\n\tat jdk.internal.reflect.GeneratedConstructorAccessor20.newInstance(Unknown Source)\n\tat java.base/jdk.internal.reflect.DelegatingConstructorAccessorImpl.newInstance(DelegatingConstructorAccessorImpl.java:45)\n\tat java.base/java.lang.reflect.Constructor.newInstanceWithCaller(Constructor.java:500)\n\tat java.base/java.lang.reflect.Constructor.newInstance(Constructor.java:481)\n\tat org.openqa.selenium.remote.ErrorCodec.decode(ErrorCodec.java:167)\n\tat org.openqa.selenium.remote.codec.w3c.W3CHttpResponseCodec.decode(W3CHttpResponseCodec.java:138)\n\tat org.openqa.selenium.remote.codec.w3c.W3CHttpResponseCodec.decode(W3CHttpResponseCodec.java:50)\n\tat org.openqa.selenium.remote.HttpCommandExecutor.execute(HttpCommandExecutor.java:190)\n\tat org.openqa.selenium.remote.service.DriverCommandExecutor.invokeExecute(DriverCommandExecutor.java:216)\n\tat org.openqa.selenium.remote.service.DriverCommandExecutor.execute(DriverCommandExecutor.java:174)\n\tat org.openqa.selenium.remote.RemoteWebDriver.execute(RemoteWebDriver.java:545)\n\tat org.openqa.selenium.remote.RemoteWebElement.execute(RemoteWebElement.java:223)\n\tat org.openqa.selenium.remote.RemoteWebElement.click(RemoteWebElement.java:76)\n\tat com.codeborne.selenide.commands.Click.defaultClick(Click.java:94)\n\tat com.codeborne.selenide.commands.Click.doClick(Click.java:72)\n\tat com.codeborne.selenide.commands.Click.click(Click.java:48)\n\tat com.codeborne.selenide.commands.Click.execute(Click.java:28)\n\tat com.codeborne.selenide.FluentCommand.execute(FluentCommand.java:27)\n\tat com.codeborne.selenide.FluentCommand.execute(FluentCommand.java:19)\n\tat com.codeborne.selenide.commands.Commands.execute(Commands.java:159)\n\tat com.codeborne.selenide.impl.SelenideElementProxy.dispatchAndRetry(SelenideElementProxy.java:131)\n\t... 37 more\n","steps":[{"name":"Open main page","time":{"start":1736940839309,"stop":1736940841102,"duration":1793},"status":"passed","steps":[{"name":"$(\"open\") https://www.jefit.com/","time":{"start":1736940839309,"stop":1736940839602,"duration":293},"status":"passed","steps":[],"attachments":[],"parameters":[],"shouldDisplayMessage":false,"stepsCount":0,"attachmentsCount":0,"hasContent":false,"attachmentStep":false}],"attachments":[],"parameters":[],"shouldDisplayMessage":false,"stepsCount":1,"attachmentsCount":0,"hasContent":true,"attachmentStep":false},{"name":"Is page opened","time":{"start":1736940841102,"stop":1736940841137,"duration":35},"status":"passed","steps":[{"name":"$(\"By.xpath:  //a[normalize-space()='Log In']\") should be(visible)","time":{"start":1736940841103,"stop":1736940841120,"duration":17},"status":"passed","steps":[],"attachments":[],"parameters":[],"shouldDisplayMessage":false,"stepsCount":0,"attachmentsCount":0,"hasContent":false,"attachmentStep":false},{"name":"$(\"By.xpath:  //a[normalize-space()='Log In']\") should be(clickable: interactable and enabled)","time":{"start":1736940841120,"stop":1736940841137,"duration":17},"status":"passed","steps":[],"attachments":[],"parameters":[],"shouldDisplayMessage":false,"stepsCount":0,"attachmentsCount":0,"hasContent":false,"attachmentStep":false}],"attachments":[],"parameters":[],"shouldDisplayMessage":false,"stepsCount":2,"attachmentsCount":0,"hasContent":true,"attachmentStep":false},{"name":"Click to exercises","time":{"start":1736940841137,"stop":1736940841231,"duration":94},"status":"passed","steps":[{"name":"$(\"By.xpath: //a[normalize-space()='Exercises']\") should be(clickable: interactable and enabled)","time":{"start":1736940841138,"stop":1736940841156,"duration":18},"status":"passed","steps":[],"attachments":[],"parameters":[],"shouldDisplayMessage":false,"stepsCount":0,"attachmentsCount":0,"hasContent":false,"attachmentStep":false},{"name":"$(\"By.xpath: //a[normalize-space()='Exercises']\") click()","time":{"start":1736940841156,"stop":1736940841231,"duration":75},"status":"passed","steps":[],"attachments":[],"parameters":[],"shouldDisplayMessage":false,"stepsCount":0,"attachmentsCount":0,"hasContent":false,"attachmentStep":false}],"attachments":[],"parameters":[],"shouldDisplayMessage":false,"stepsCount":2,"attachmentsCount":0,"hasContent":true,"attachmentStep":false},{"name":"Open page","time":{"start":1736940841231,"stop":1736940841644,"duration":413},"status":"passed","steps":[{"name":"$(\"open\") https://www.jefit.com/exercises","time":{"start":1736940841232,"stop":1736940841644,"duration":412},"status":"passed","steps":[],"attachments":[],"parameters":[],"shouldDisplayMessage":false,"stepsCount":0,"attachmentsCount":0,"hasContent":false,"attachmentStep":false}],"attachments":[],"parameters":[],"shouldDisplayMessage":false,"stepsCount":1,"attachmentsCount":0,"hasContent":true,"attachmentStep":false},{"name":"Is page opened","time":{"start":1736940841644,"stop":1736940841731,"duration":87},"status":"passed","steps":[{"name":"$(\"By.xpath: //img[@alt='body equipment example']\") should be(visible)","time":{"start":1736940841644,"stop":1736940841731,"duration":87},"status":"passed","steps":[],"attachments":[],"parameters":[],"shouldDisplayMessage":false,"stepsCount":0,"attachmentsCount":0,"hasContent":false,"attachmentStep":false}],"attachments":[],"parameters":[],"shouldDisplayMessage":false,"stepsCount":1,"attachmentsCount":0,"hasContent":true,"attachmentStep":false},{"name":"Choose equipment Bench","time":{"start":1736940841731,"stop":1736940933702,"duration":91971},"status":"failed","statusMessage":"Invalid element state [By.xpath: //button[@type = 'button']/descendant::p[text() = 'Bench']]: element click intercepted: Element <p data-slot=\"text\" class=\"text-base/6 dark:d-main-black font-semibold text-jefit-blue\">...</p> is not clickable at point (760, 677). Other element would receive the click: <span class=\"absolute left-1/2 top-1/2 size-[max(100%,2.75rem)] -translate-x-1/2 -translate-y-1/2 [@media(pointer:fine)]:hidden\" aria-hidden=\"true\"></span>\nScreenshot: file:/home/runner/work/Jefit/Jefit/build/reports/tests/1736940933050.0.png\nPage source: file:/home/runner/work/Jefit/Jefit/build/reports/tests/1736940933050.0.html\nTimeout: 90 s.\nCaused by: ElementClickInterceptedException: element click intercepted: Element <p data-slot=\"text\" class=\"text-base/6 dark:d-main-black font-semibold text-jefit-blue\">...</p> is not clickable at point (760, 677). Other element would receive the click: <span class=\"absolute left-1/2 top-1/2 size-[max(100%,2.75rem)] -translate-x-1/2 -translate-y-1/2 [@media(pointer:fine)]:hidden\" aria-hidden=\"true\"></span>","statusTrace":"Invalid element state [By.xpath: //button[@type = 'button']/descendant::p[text() = 'Bench']]: element click intercepted: Element <p data-slot=\"text\" class=\"text-base/6 dark:d-main-black font-semibold text-jefit-blue\">...</p> is not clickable at point (760, 677). Other element would receive the click: <span class=\"absolute left-1/2 top-1/2 size-[max(100%,2.75rem)] -translate-x-1/2 -translate-y-1/2 [@media(pointer:fine)]:hidden\" aria-hidden=\"true\"></span>\nScreenshot: file:/home/runner/work/Jefit/Jefit/build/reports/tests/1736940933050.0.png\nPage source: file:/home/runner/work/Jefit/Jefit/build/reports/tests/1736940933050.0.html\nTimeout: 90 s.\nCaused by: ElementClickInterceptedException: element click intercepted: Element <p data-slot=\"text\" class=\"text-base/6 dark:d-main-black font-semibold text-jefit-blue\">...</p> is not clickable at point (760, 677). Other element would receive the click: <span class=\"absolute left-1/2 top-1/2 size-[max(100%,2.75rem)] -translate-x-1/2 -translate-y-1/2 [@media(pointer:fine)]:hidden\" aria-hidden=\"true\"></span>\n\tat com.codeborne.selenide.impl.ExceptionWrapper.wrap(ExceptionWrapper.java:19)\n\tat com.codeborne.selenide.impl.SelenideElementProxy.dispatchAndRetry(SelenideElementProxy.java:153)\n\tat com.codeborne.selenide.impl.SelenideElementProxy.invoke(SelenideElementProxy.java:83)\n\tat jdk.proxy2/jdk.proxy2.$Proxy32.click(Unknown Source)\n\tat pages.ExerciseDatabasePage.chooseEquipmentGroup(ExerciseDatabasePage.java:70)\n\tat tests.ExerciseDatabasePageTest.checkCountExercisesWithFilterByEquipment(ExerciseDatabasePageTest.java:44)\n\tat java.base/jdk.internal.reflect.NativeMethodAccessorImpl.invoke0(Native Method)\n\tat java.base/jdk.internal.reflect.NativeMethodAccessorImpl.invoke(NativeMethodAccessorImpl.java:77)\n\tat java.base/jdk.internal.reflect.DelegatingMethodAccessorImpl.invoke(DelegatingMethodAccessorImpl.java:43)\n\tat java.base/java.lang.reflect.Method.invoke(Method.java:569)\n\tat org.testng.internal.invokers.MethodInvocationHelper.invokeMethod(MethodInvocationHelper.java:141)\n\tat org.testng.internal.invokers.TestInvoker.invokeMethod(TestInvoker.java:686)\n\tat org.testng.internal.invokers.TestInvoker.invokeTestMethod(TestInvoker.java:230)\n\tat org.testng.internal.invokers.MethodRunner.runInSequence(MethodRunner.java:63)\n\tat org.testng.internal.invokers.TestInvoker$MethodInvocationAgent.invoke(TestInvoker.java:992)\n\tat org.testng.internal.invokers.TestInvoker.invokeTestMethods(TestInvoker.java:203)\n\tat org.testng.internal.invokers.TestMethodWorker.invokeTestMethods(TestMethodWorker.java:154)\n\tat org.testng.internal.invokers.TestMethodWorker.run(TestMethodWorker.java:134)\n\tat java.base/java.util.ArrayList.forEach(ArrayList.java:1511)\n\tat org.testng.TestRunner.privateRun(TestRunner.java:739)\n\tat org.testng.TestRunner.run(TestRunner.java:614)\n\tat org.testng.SuiteRunner.runTest(SuiteRunner.java:421)\n\tat org.testng.SuiteRunner.runSequentially(SuiteRunner.java:413)\n\tat org.testng.SuiteRunner.privateRun(SuiteRunner.java:373)\n\tat org.testng.SuiteRunner.run(SuiteRunner.java:312)\n\tat org.testng.SuiteRunnerWorker.runSuite(SuiteRunnerWorker.java:52)\n\tat org.testng.SuiteRunnerWorker.run(SuiteRunnerWorker.java:95)\n\tat org.testng.TestNG.runSuitesSequentially(TestNG.java:1274)\n\tat org.testng.TestNG.runSuitesLocally(TestNG.java:1208)\n\tat org.testng.TestNG.runSuites(TestNG.java:1112)\n\tat org.testng.TestNG.run(TestNG.java:1079)\n\tat org.apache.maven.surefire.testng.TestNGExecutor.run(TestNGExecutor.java:155)\n\tat org.apache.maven.surefire.testng.TestNGDirectoryTestSuite.executeMulti(TestNGDirectoryTestSuite.java:169)\n\tat org.apache.maven.surefire.testng.TestNGDirectoryTestSuite.execute(TestNGDirectoryTestSuite.java:88)\n\tat org.apache.maven.surefire.testng.TestNGProvider.invoke(TestNGProvider.java:137)\n\tat org.apache.maven.surefire.booter.ForkedBooter.runSuitesInProcess(ForkedBooter.java:385)\n\tat org.apache.maven.surefire.booter.ForkedBooter.execute(ForkedBooter.java:162)\n\tat org.apache.maven.surefire.booter.ForkedBooter.run(ForkedBooter.java:507)\n\tat org.apache.maven.surefire.booter.ForkedBooter.main(ForkedBooter.java:495)\nCaused by: org.openqa.selenium.ElementClickInterceptedException: element click intercepted: Element <p data-slot=\"text\" class=\"text-base/6 dark:d-main-black font-semibold text-jefit-blue\">...</p> is not clickable at point (760, 677). Other element would receive the click: <span class=\"absolute left-1/2 top-1/2 size-[max(100%,2.75rem)] -translate-x-1/2 -translate-y-1/2 [@media(pointer:fine)]:hidden\" aria-hidden=\"true\"></span>\n  (Session info: chrome=131.0.6778.264)\nBuild info: version: '4.27.0', revision: 'd6e718d134'\nSystem info: os.name: 'Linux', os.arch: 'amd64', os.version: '6.8.0-1017-azure', java.version: '17.0.13'\nDriver info: org.openqa.selenium.chrome.ChromeDriver\nCommand: [2273a22f8e670b8dca3c0ed8cefcf791, clickElement {id=f.59D9FD7CFD3708BC48363836A3761408.d.A4A679384BF8551131ABE0372631D940.e.73}]\nCapabilities {acceptInsecureCerts: true, browserName: chrome, browserVersion: 131.0.6778.264, chrome: {chromedriverVersion: 131.0.6778.264 (2d05e315153..., userDataDir: /tmp/.org.chromium.Chromium...}, fedcm:accounts: true, goog:chromeOptions: {debuggerAddress: localhost:42031}, networkConnectionEnabled: false, pageLoadStrategy: normal, platformName: linux, proxy: Proxy(), se:cdp: ws://localhost:42031/devtoo..., se:cdpVersion: 131.0.6778.264, setWindowRect: true, strictFileInteractability: false, timeouts: {implicit: 0, pageLoad: 300000, script: 30000}, unhandledPromptBehavior: accept, webauthn:extension:credBlob: true, webauthn:extension:largeBlob: true, webauthn:extension:minPinLength: true, webauthn:extension:prf: true, webauthn:virtualAuthenticators: true}\nElement: [[ChromeDriver: chrome on linux (2273a22f8e670b8dca3c0ed8cefcf791)] -> xpath: //button[@type = 'button']/descendant::p[text() = 'Bench']]\nSession ID: 2273a22f8e670b8dca3c0ed8cefcf791\n\tat jdk.internal.reflect.GeneratedConstructorAccessor20.newInstance(Unknown Source)\n\tat java.base/jdk.internal.reflect.DelegatingConstructorAccessorImpl.newInstance(DelegatingConstructorAccessorImpl.java:45)\n\tat java.base/java.lang.reflect.Constructor.newInstanceWithCaller(Constructor.java:500)\n\tat java.base/java.lang.reflect.Constructor.newInstance(Constructor.java:481)\n\tat org.openqa.selenium.remote.ErrorCodec.decode(ErrorCodec.java:167)\n\tat org.openqa.selenium.remote.codec.w3c.W3CHttpResponseCodec.decode(W3CHttpResponseCodec.java:138)\n\tat org.openqa.selenium.remote.codec.w3c.W3CHttpResponseCodec.decode(W3CHttpResponseCodec.java:50)\n\tat org.openqa.selenium.remote.HttpCommandExecutor.execute(HttpCommandExecutor.java:190)\n\tat org.openqa.selenium.remote.service.DriverCommandExecutor.invokeExecute(DriverCommandExecutor.java:216)\n\tat org.openqa.selenium.remote.service.DriverCommandExecutor.execute(DriverCommandExecutor.java:174)\n\tat org.openqa.selenium.remote.RemoteWebDriver.execute(RemoteWebDriver.java:545)\n\tat org.openqa.selenium.remote.RemoteWebElement.execute(RemoteWebElement.java:223)\n\tat org.openqa.selenium.remote.RemoteWebElement.click(RemoteWebElement.java:76)\n\tat com.codeborne.selenide.commands.Click.defaultClick(Click.java:94)\n\tat com.codeborne.selenide.commands.Click.doClick(Click.java:72)\n\tat com.codeborne.selenide.commands.Click.click(Click.java:48)\n\tat com.codeborne.selenide.commands.Click.execute(Click.java:28)\n\tat com.codeborne.selenide.FluentCommand.execute(FluentCommand.java:27)\n\tat com.codeborne.selenide.FluentCommand.execute(FluentCommand.java:19)\n\tat com.codeborne.selenide.commands.Commands.execute(Commands.java:159)\n\tat com.codeborne.selenide.impl.SelenideElementProxy.dispatchAndRetry(SelenideElementProxy.java:131)\n\t... 37 more\n","steps":[{"name":"$(\"By.xpath: //button[@type = 'button']/descendant::p[text() = 'Bench']\") click()","time":{"start":1736940842231,"stop":1736940933701,"duration":91470},"status":"failed","statusMessage":"Invalid element state [By.xpath: //button[@type = 'button']/descendant::p[text() = 'Bench']]: element click intercepted: Element <p data-slot=\"text\" class=\"text-base/6 dark:d-main-black font-semibold text-jefit-blue\">...</p> is not clickable at point (760, 677). Other element would receive the click: <span class=\"absolute left-1/2 top-1/2 size-[max(100%,2.75rem)] -translate-x-1/2 -translate-y-1/2 [@media(pointer:fine)]:hidden\" aria-hidden=\"true\"></span>\nScreenshot: file:/home/runner/work/Jefit/Jefit/build/reports/tests/1736940933050.0.png\nPage source: file:/home/runner/work/Jefit/Jefit/build/reports/tests/1736940933050.0.html\nTimeout: 90 s.\nCaused by: ElementClickInterceptedException: element click intercepted: Element <p data-slot=\"text\" class=\"text-base/6 dark:d-main-black font-semibold text-jefit-blue\">...</p> is not clickable at point (760, 677). Other element would receive the click: <span class=\"absolute left-1/2 top-1/2 size-[max(100%,2.75rem)] -translate-x-1/2 -translate-y-1/2 [@media(pointer:fine)]:hidden\" aria-hidden=\"true\"></span>","statusTrace":"Invalid element state [By.xpath: //button[@type = 'button']/descendant::p[text() = 'Bench']]: element click intercepted: Element <p data-slot=\"text\" class=\"text-base/6 dark:d-main-black font-semibold text-jefit-blue\">...</p> is not clickable at point (760, 677). Other element would receive the click: <span class=\"absolute left-1/2 top-1/2 size-[max(100%,2.75rem)] -translate-x-1/2 -translate-y-1/2 [@media(pointer:fine)]:hidden\" aria-hidden=\"true\"></span>\nScreenshot: file:/home/runner/work/Jefit/Jefit/build/reports/tests/1736940933050.0.png\nPage source: file:/home/runner/work/Jefit/Jefit/build/reports/tests/1736940933050.0.html\nTimeout: 90 s.\nCaused by: ElementClickInterceptedException: element click intercepted: Element <p data-slot=\"text\" class=\"text-base/6 dark:d-main-black font-semibold text-jefit-blue\">...</p> is not clickable at point (760, 677). Other element would receive the click: <span class=\"absolute left-1/2 top-1/2 size-[max(100%,2.75rem)] -translate-x-1/2 -translate-y-1/2 [@media(pointer:fine)]:hidden\" aria-hidden=\"true\"></span>\n\tat com.codeborne.selenide.impl.ExceptionWrapper.wrap(ExceptionWrapper.java:19)\n\tat com.codeborne.selenide.impl.SelenideElementProxy.dispatchAndRetry(SelenideElementProxy.java:153)\n\tat com.codeborne.selenide.impl.SelenideElementProxy.invoke(SelenideElementProxy.java:83)\n\tat jdk.proxy2/jdk.proxy2.$Proxy32.click(Unknown Source)\n\tat pages.ExerciseDatabasePage.chooseEquipmentGroup(ExerciseDatabasePage.java:70)\n\tat tests.ExerciseDatabasePageTest.checkCountExercisesWithFilterByEquipment(ExerciseDatabasePageTest.java:44)\n\tat java.base/jdk.internal.reflect.NativeMethodAccessorImpl.invoke0(Native Method)\n\tat java.base/jdk.internal.reflect.NativeMethodAccessorImpl.invoke(NativeMethodAccessorImpl.java:77)\n\tat java.base/jdk.internal.reflect.DelegatingMethodAccessorImpl.invoke(DelegatingMethodAccessorImpl.java:43)\n\tat java.base/java.lang.reflect.Method.invoke(Method.java:569)\n\tat org.testng.internal.invokers.MethodInvocationHelper.invokeMethod(MethodInvocationHelper.java:141)\n\tat org.testng.internal.invokers.TestInvoker.invokeMethod(TestInvoker.java:686)\n\tat org.testng.internal.invokers.TestInvoker.invokeTestMethod(TestInvoker.java:230)\n\tat org.testng.internal.invokers.MethodRunner.runInSequence(MethodRunner.java:63)\n\tat org.testng.internal.invokers.TestInvoker$MethodInvocationAgent.invoke(TestInvoker.java:992)\n\tat org.testng.internal.invokers.TestInvoker.invokeTestMethods(TestInvoker.java:203)\n\tat org.testng.internal.invokers.TestMethodWorker.invokeTestMethods(TestMethodWorker.java:154)\n\tat org.testng.internal.invokers.TestMethodWorker.run(TestMethodWorker.java:134)\n\tat java.base/java.util.ArrayList.forEach(ArrayList.java:1511)\n\tat org.testng.TestRunner.privateRun(TestRunner.java:739)\n\tat org.testng.TestRunner.run(TestRunner.java:614)\n\tat org.testng.SuiteRunner.runTest(SuiteRunner.java:421)\n\tat org.testng.SuiteRunner.runSequentially(SuiteRunner.java:413)\n\tat org.testng.SuiteRunner.privateRun(SuiteRunner.java:373)\n\tat org.testng.SuiteRunner.run(SuiteRunner.java:312)\n\tat org.testng.SuiteRunnerWorker.runSuite(SuiteRunnerWorker.java:52)\n\tat org.testng.SuiteRunnerWorker.run(SuiteRunnerWorker.java:95)\n\tat org.testng.TestNG.runSuitesSequentially(TestNG.java:1274)\n\tat org.testng.TestNG.runSuitesLocally(TestNG.java:1208)\n\tat org.testng.TestNG.runSuites(TestNG.java:1112)\n\tat org.testng.TestNG.run(TestNG.java:1079)\n\tat org.apache.maven.surefire.testng.TestNGExecutor.run(TestNGExecutor.java:155)\n\tat org.apache.maven.surefire.testng.TestNGDirectoryTestSuite.executeMulti(TestNGDirectoryTestSuite.java:169)\n\tat org.apache.maven.surefire.testng.TestNGDirectoryTestSuite.execute(TestNGDirectoryTestSuite.java:88)\n\tat org.apache.maven.surefire.testng.TestNGProvider.invoke(TestNGProvider.java:137)\n\tat org.apache.maven.surefire.booter.ForkedBooter.runSuitesInProcess(ForkedBooter.java:385)\n\tat org.apache.maven.surefire.booter.ForkedBooter.execute(ForkedBooter.java:162)\n\tat org.apache.maven.surefire.booter.ForkedBooter.run(ForkedBooter.java:507)\n\tat org.apache.maven.surefire.booter.ForkedBooter.main(ForkedBooter.java:495)\nCaused by: org.openqa.selenium.ElementClickInterceptedException: element click intercepted: Element <p data-slot=\"text\" class=\"text-base/6 dark:d-main-black font-semibold text-jefit-blue\">...</p> is not clickable at point (760, 677). Other element would receive the click: <span class=\"absolute left-1/2 top-1/2 size-[max(100%,2.75rem)] -translate-x-1/2 -translate-y-1/2 [@media(pointer:fine)]:hidden\" aria-hidden=\"true\"></span>\n  (Session info: chrome=131.0.6778.264)\nBuild info: version: '4.27.0', revision: 'd6e718d134'\nSystem info: os.name: 'Linux', os.arch: 'amd64', os.version: '6.8.0-1017-azure', java.version: '17.0.13'\nDriver info: org.openqa.selenium.chrome.ChromeDriver\nCommand: [2273a22f8e670b8dca3c0ed8cefcf791, clickElement {id=f.59D9FD7CFD3708BC48363836A3761408.d.A4A679384BF8551131ABE0372631D940.e.73}]\nCapabilities {acceptInsecureCerts: true, browserName: chrome, browserVersion: 131.0.6778.264, chrome: {chromedriverVersion: 131.0.6778.264 (2d05e315153..., userDataDir: /tmp/.org.chromium.Chromium...}, fedcm:accounts: true, goog:chromeOptions: {debuggerAddress: localhost:42031}, networkConnectionEnabled: false, pageLoadStrategy: normal, platformName: linux, proxy: Proxy(), se:cdp: ws://localhost:42031/devtoo..., se:cdpVersion: 131.0.6778.264, setWindowRect: true, strictFileInteractability: false, timeouts: {implicit: 0, pageLoad: 300000, script: 30000}, unhandledPromptBehavior: accept, webauthn:extension:credBlob: true, webauthn:extension:largeBlob: true, webauthn:extension:minPinLength: true, webauthn:extension:prf: true, webauthn:virtualAuthenticators: true}\nElement: [[ChromeDriver: chrome on linux (2273a22f8e670b8dca3c0ed8cefcf791)] -> xpath: //button[@type = 'button']/descendant::p[text() = 'Bench']]\nSession ID: 2273a22f8e670b8dca3c0ed8cefcf791\n\tat jdk.internal.reflect.GeneratedConstructorAccessor20.newInstance(Unknown Source)\n\tat java.base/jdk.internal.reflect.DelegatingConstructorAccessorImpl.newInstance(DelegatingConstructorAccessorImpl.java:45)\n\tat java.base/java.lang.reflect.Constructor.newInstanceWithCaller(Constructor.java:500)\n\tat java.base/java.lang.reflect.Constructor.newInstance(Constructor.java:481)\n\tat org.openqa.selenium.remote.ErrorCodec.decode(ErrorCodec.java:167)\n\tat org.openqa.selenium.remote.codec.w3c.W3CHttpResponseCodec.decode(W3CHttpResponseCodec.java:138)\n\tat org.openqa.selenium.remote.codec.w3c.W3CHttpResponseCodec.decode(W3CHttpResponseCodec.java:50)\n\tat org.openqa.selenium.remote.HttpCommandExecutor.execute(HttpCommandExecutor.java:190)\n\tat org.openqa.selenium.remote.service.DriverCommandExecutor.invokeExecute(DriverCommandExecutor.java:216)\n\tat org.openqa.selenium.remote.service.DriverCommandExecutor.execute(DriverCommandExecutor.java:174)\n\tat org.openqa.selenium.remote.RemoteWebDriver.execute(RemoteWebDriver.java:545)\n\tat org.openqa.selenium.remote.RemoteWebElement.execute(RemoteWebElement.java:223)\n\tat org.openqa.selenium.remote.RemoteWebElement.click(RemoteWebElement.java:76)\n\tat com.codeborne.selenide.commands.Click.defaultClick(Click.java:94)\n\tat com.codeborne.selenide.commands.Click.doClick(Click.java:72)\n\tat com.codeborne.selenide.commands.Click.click(Click.java:48)\n\tat com.codeborne.selenide.commands.Click.execute(Click.java:28)\n\tat com.codeborne.selenide.FluentCommand.execute(FluentCommand.java:27)\n\tat com.codeborne.selenide.FluentCommand.execute(FluentCommand.java:19)\n\tat com.codeborne.selenide.commands.Commands.execute(Commands.java:159)\n\tat com.codeborne.selenide.impl.SelenideElementProxy.dispatchAndRetry(SelenideElementProxy.java:131)\n\t... 37 more\n","steps":[],"attachments":[{"uid":"aee81cb559c282ad","name":"Screenshot","source":"aee81cb559c282ad.png","type":"image/png","size":405998},{"uid":"a80f9112c02b5257","name":"Page source","source":"a80f9112c02b5257.html","type":"text/html","size":1007872}],"parameters":[],"shouldDisplayMessage":true,"stepsCount":0,"attachmentsCount":2,"hasContent":true,"attachmentStep":false}],"attachments":[],"parameters":[{"name":"equipment","value":"Bench"}],"shouldDisplayMessage":false,"stepsCount":1,"attachmentsCount":2,"hasContent":true,"attachmentStep":false}],"attachments":[],"parameters":[],"shouldDisplayMessage":false,"stepsCount":14,"attachmentsCount":2,"hasContent":true,"attachmentStep":false},"afterStages":[{"name":"tearDown","time":{"start":1736940933710,"stop":1736940933813,"duration":103},"description":"","status":"passed","steps":[],"attachments":[],"parameters":[],"shouldDisplayMessage":false,"stepsCount":0,"attachmentsCount":0,"hasContent":false,"attachmentStep":false}],"labels":[{"name":"package","value":"tests.ExerciseDatabasePageTest"},{"name":"testClass","value":"tests.ExerciseDatabasePageTest"},{"name":"testMethod","value":"checkCountExercisesWithFilterByEquipment"},{"name":"parentSuite","value":"Surefire suite"},{"name":"suite","value":"Surefire test"},{"name":"subSuite","value":"tests.ExerciseDatabasePageTest"},{"name":"host","value":"fv-az1334-464"},{"name":"thread","value":"2424@fv-az1334-464.main(1)"},{"name":"framework","value":"testng"},{"name":"language","value":"java"},{"name":"resultFormat","value":"allure2"}],"parameters":[],"links":[],"hidden":false,"retry":false,"extra":{"severity":"normal","retries":[],"categories":[{"name":"Product defects","matchedStatuses":[],"flaky":false}],"history":{"statistic":{"failed":3,"broken":0,"skipped":0,"passed":0,"unknown":0,"total":3},"items":[{"uid":"b074ace3f8339ce9","reportUrl":"https://OlegShackleford.github.io/Jefit/15//#testresult/b074ace3f8339ce9","status":"failed","statusDetails":"Invalid element state [By.xpath: //button[@type = 'button']/descendant::p[text() = 'Bench']]: element click intercepted: Element <p data-slot=\"text\" class=\"text-base/6 dark:d-main-black font-semibold text-jefit-blue\">...</p> is not clickable at point (760, 677). Other element would receive the click: <span class=\"absolute left-1/2 top-1/2 size-[max(100%,2.75rem)] -translate-x-1/2 -translate-y-1/2 [@media(pointer:fine)]:hidden\" aria-hidden=\"true\"></span>\nScreenshot: file:/home/runner/work/Jefit/Jefit/build/reports/tests/1736940739621.0.png\nPage source: file:/home/runner/work/Jefit/Jefit/build/reports/tests/1736940739621.0.html\nTimeout: 90 s.\nCaused by: ElementClickInterceptedException: element click intercepted: Element <p data-slot=\"text\" class=\"text-base/6 dark:d-main-black font-semibold text-jefit-blue\">...</p> is not clickable at point (760, 677). Other element would receive the click: <span class=\"absolute left-1/2 top-1/2 size-[max(100%,2.75rem)] -translate-x-1/2 -translate-y-1/2 [@media(pointer:fine)]:hidden\" aria-hidden=\"true\"></span>","time":{"start":1736940646816,"stop":1736940740274,"duration":93458}},{"uid":"fc6df3a8c51aeb4b","reportUrl":"https://OlegShackleford.github.io/Jefit/14//#testresult/fc6df3a8c51aeb4b","status":"failed","statusDetails":"Invalid element state [By.xpath: //button[@type = 'button']/descendant::p[text() = 'Bench']]: element click intercepted: Element <p data-slot=\"text\" class=\"text-base/6 dark:d-main-black font-semibold text-jefit-blue\">...</p> is not clickable at point (760, 677). Other element would receive the click: <span class=\"absolute left-1/2 top-1/2 size-[max(100%,2.75rem)] -translate-x-1/2 -translate-y-1/2 [@media(pointer:fine)]:hidden\" aria-hidden=\"true\"></span>\nScreenshot: file:/home/runner/work/Jefit/Jefit/build/reports/tests/1736939430240.0.png\nPage source: file:/home/runner/work/Jefit/Jefit/build/reports/tests/1736939430240.0.html\nTimeout: 90 s.\nCaused by: ElementClickInterceptedException: element click intercepted: Element <p data-slot=\"text\" class=\"text-base/6 dark:d-main-black font-semibold text-jefit-blue\">...</p> is not clickable at point (760, 677). Other element would receive the click: <span class=\"absolute left-1/2 top-1/2 size-[max(100%,2.75rem)] -translate-x-1/2 -translate-y-1/2 [@media(pointer:fine)]:hidden\" aria-hidden=\"true\"></span>","time":{"start":1736939333741,"stop":1736939430961,"duration":97220}}]},"tags":[]},"source":"45bc03b5a3092683.json","parameterValues":[]}