{"uid":"82739a1f77eef242","name":"checkCountExercisesWithFilterByMuscle","fullName":"tests.ExerciseDatabasePageTest.checkCountExercisesWithFilterByMuscle","historyId":"53146579f7159bf2c0bcf8b6ba1b0672","time":{"start":1736940740646,"stop":1736940833769,"duration":93123},"description":"Test filter by muscles with validation of the number of exercises","descriptionHtml":"<p>Test filter by muscles with validation of the number of exercises</p>\n","status":"failed","statusMessage":"Invalid element state [By.xpath: //button[@type = 'button']/descendant::p[text() = 'Biceps']]: element click intercepted: Element <p data-slot=\"text\" class=\"text-base/6 dark:d-main-black font-semibold text-jefit-blue\">...</p> is not clickable at point (632, 441). Other element would receive the click: <span class=\"absolute left-1/2 top-1/2 size-[max(100%,2.75rem)] -translate-x-1/2 -translate-y-1/2 [@media(pointer:fine)]:hidden\" aria-hidden=\"true\"></span>\nScreenshot: file:/home/runner/work/Jefit/Jefit/build/reports/tests/1736940833264.1.png\nPage source: file:/home/runner/work/Jefit/Jefit/build/reports/tests/1736940833264.1.html\nTimeout: 90 s.\nCaused by: ElementClickInterceptedException: element click intercepted: Element <p data-slot=\"text\" class=\"text-base/6 dark:d-main-black font-semibold text-jefit-blue\">...</p> is not clickable at point (632, 441). Other element would receive the click: <span class=\"absolute left-1/2 top-1/2 size-[max(100%,2.75rem)] -translate-x-1/2 -translate-y-1/2 [@media(pointer:fine)]:hidden\" aria-hidden=\"true\"></span>","statusTrace":"Invalid element state [By.xpath: //button[@type = 'button']/descendant::p[text() = 'Biceps']]: element click intercepted: Element <p data-slot=\"text\" class=\"text-base/6 dark:d-main-black font-semibold text-jefit-blue\">...</p> is not clickable at point (632, 441). Other element would receive the click: <span class=\"absolute left-1/2 top-1/2 size-[max(100%,2.75rem)] -translate-x-1/2 -translate-y-1/2 [@media(pointer:fine)]:hidden\" aria-hidden=\"true\"></span>\nScreenshot: file:/home/runner/work/Jefit/Jefit/build/reports/tests/1736940833264.1.png\nPage source: file:/home/runner/work/Jefit/Jefit/build/reports/tests/1736940833264.1.html\nTimeout: 90 s.\nCaused by: ElementClickInterceptedException: element click intercepted: Element <p data-slot=\"text\" class=\"text-base/6 dark:d-main-black font-semibold text-jefit-blue\">...</p> is not clickable at point (632, 441). Other element would receive the click: <span class=\"absolute left-1/2 top-1/2 size-[max(100%,2.75rem)] -translate-x-1/2 -translate-y-1/2 [@media(pointer:fine)]:hidden\" aria-hidden=\"true\"></span>\n\tat com.codeborne.selenide.impl.ExceptionWrapper.wrap(ExceptionWrapper.java:19)\n\tat com.codeborne.selenide.impl.SelenideElementProxy.dispatchAndRetry(SelenideElementProxy.java:153)\n\tat com.codeborne.selenide.impl.SelenideElementProxy.invoke(SelenideElementProxy.java:83)\n\tat jdk.proxy2/jdk.proxy2.$Proxy32.click(Unknown Source)\n\tat pages.ExerciseDatabasePage.chooseMuscleGroup(ExerciseDatabasePage.java:61)\n\tat tests.ExerciseDatabasePageTest.checkCountExercisesWithFilterByMuscle(ExerciseDatabasePageTest.java:29)\n\tat java.base/jdk.internal.reflect.NativeMethodAccessorImpl.invoke0(Native Method)\n\tat java.base/jdk.internal.reflect.NativeMethodAccessorImpl.invoke(NativeMethodAccessorImpl.java:77)\n\tat java.base/jdk.internal.reflect.DelegatingMethodAccessorImpl.invoke(DelegatingMethodAccessorImpl.java:43)\n\tat java.base/java.lang.reflect.Method.invoke(Method.java:569)\n\tat org.testng.internal.invokers.MethodInvocationHelper.invokeMethod(MethodInvocationHelper.java:141)\n\tat org.testng.internal.invokers.TestInvoker.invokeMethod(TestInvoker.java:686)\n\tat org.testng.internal.invokers.TestInvoker.invokeTestMethod(TestInvoker.java:230)\n\tat org.testng.internal.invokers.MethodRunner.runInSequence(MethodRunner.java:63)\n\tat org.testng.internal.invokers.TestInvoker$MethodInvocationAgent.invoke(TestInvoker.java:992)\n\tat org.testng.internal.invokers.TestInvoker.invokeTestMethods(TestInvoker.java:203)\n\tat org.testng.internal.invokers.TestMethodWorker.invokeTestMethods(TestMethodWorker.java:154)\n\tat org.testng.internal.invokers.TestMethodWorker.run(TestMethodWorker.java:134)\n\tat java.base/java.util.ArrayList.forEach(ArrayList.java:1511)\n\tat org.testng.TestRunner.privateRun(TestRunner.java:739)\n\tat org.testng.TestRunner.run(TestRunner.java:614)\n\tat org.testng.SuiteRunner.runTest(SuiteRunner.java:421)\n\tat org.testng.SuiteRunner.runSequentially(SuiteRunner.java:413)\n\tat org.testng.SuiteRunner.privateRun(SuiteRunner.java:373)\n\tat org.testng.SuiteRunner.run(SuiteRunner.java:312)\n\tat org.testng.SuiteRunnerWorker.runSuite(SuiteRunnerWorker.java:52)\n\tat org.testng.SuiteRunnerWorker.run(SuiteRunnerWorker.java:95)\n\tat org.testng.TestNG.runSuitesSequentially(TestNG.java:1274)\n\tat org.testng.TestNG.runSuitesLocally(TestNG.java:1208)\n\tat org.testng.TestNG.runSuites(TestNG.java:1112)\n\tat org.testng.TestNG.run(TestNG.java:1079)\n\tat org.apache.maven.surefire.testng.TestNGExecutor.run(TestNGExecutor.java:155)\n\tat org.apache.maven.surefire.testng.TestNGDirectoryTestSuite.executeMulti(TestNGDirectoryTestSuite.java:169)\n\tat org.apache.maven.surefire.testng.TestNGDirectoryTestSuite.execute(TestNGDirectoryTestSuite.java:88)\n\tat org.apache.maven.surefire.testng.TestNGProvider.invoke(TestNGProvider.java:137)\n\tat org.apache.maven.surefire.booter.ForkedBooter.runSuitesInProcess(ForkedBooter.java:385)\n\tat org.apache.maven.surefire.booter.ForkedBooter.execute(ForkedBooter.java:162)\n\tat org.apache.maven.surefire.booter.ForkedBooter.run(ForkedBooter.java:507)\n\tat org.apache.maven.surefire.booter.ForkedBooter.main(ForkedBooter.java:495)\nCaused by: org.openqa.selenium.ElementClickInterceptedException: element click intercepted: Element <p data-slot=\"text\" class=\"text-base/6 dark:d-main-black font-semibold text-jefit-blue\">...</p> is not clickable at point (632, 441). Other element would receive the click: <span class=\"absolute left-1/2 top-1/2 size-[max(100%,2.75rem)] -translate-x-1/2 -translate-y-1/2 [@media(pointer:fine)]:hidden\" aria-hidden=\"true\"></span>\n  (Session info: chrome=131.0.6778.204)\nBuild info: version: '4.27.0', revision: 'd6e718d134'\nSystem info: os.name: 'Linux', os.arch: 'amd64', os.version: '6.8.0-1017-azure', java.version: '17.0.13'\nDriver info: org.openqa.selenium.chrome.ChromeDriver\nCommand: [15c36240c380f8c08fe70c2d9093ce75, clickElement {id=f.97CD896D2EACC328FC6D4452C4DA260A.d.3002663C045A0B8409B21EFA2BC6D154.e.70}]\nCapabilities {acceptInsecureCerts: true, browserName: chrome, browserVersion: 131.0.6778.204, chrome: {chromedriverVersion: 131.0.6778.204 (52183f9e99a..., userDataDir: /tmp/.org.chromium.Chromium...}, fedcm:accounts: true, goog:chromeOptions: {debuggerAddress: localhost:41295}, networkConnectionEnabled: false, pageLoadStrategy: normal, platformName: linux, proxy: Proxy(), se:cdp: ws://localhost:41295/devtoo..., se:cdpVersion: 131.0.6778.204, setWindowRect: true, strictFileInteractability: false, timeouts: {implicit: 0, pageLoad: 300000, script: 30000}, unhandledPromptBehavior: accept, webauthn:extension:credBlob: true, webauthn:extension:largeBlob: true, webauthn:extension:minPinLength: true, webauthn:extension:prf: true, webauthn:virtualAuthenticators: true}\nElement: [[ChromeDriver: chrome on linux (15c36240c380f8c08fe70c2d9093ce75)] -> xpath: //button[@type = 'button']/descendant::p[text() = 'Biceps']]\nSession ID: 15c36240c380f8c08fe70c2d9093ce75\n\tat jdk.internal.reflect.GeneratedConstructorAccessor20.newInstance(Unknown Source)\n\tat java.base/jdk.internal.reflect.DelegatingConstructorAccessorImpl.newInstance(DelegatingConstructorAccessorImpl.java:45)\n\tat java.base/java.lang.reflect.Constructor.newInstanceWithCaller(Constructor.java:500)\n\tat java.base/java.lang.reflect.Constructor.newInstance(Constructor.java:481)\n\tat org.openqa.selenium.remote.ErrorCodec.decode(ErrorCodec.java:167)\n\tat org.openqa.selenium.remote.codec.w3c.W3CHttpResponseCodec.decode(W3CHttpResponseCodec.java:138)\n\tat org.openqa.selenium.remote.codec.w3c.W3CHttpResponseCodec.decode(W3CHttpResponseCodec.java:50)\n\tat org.openqa.selenium.remote.HttpCommandExecutor.execute(HttpCommandExecutor.java:190)\n\tat org.openqa.selenium.remote.service.DriverCommandExecutor.invokeExecute(DriverCommandExecutor.java:216)\n\tat org.openqa.selenium.remote.service.DriverCommandExecutor.execute(DriverCommandExecutor.java:174)\n\tat org.openqa.selenium.remote.RemoteWebDriver.execute(RemoteWebDriver.java:545)\n\tat org.openqa.selenium.remote.RemoteWebElement.execute(RemoteWebElement.java:223)\n\tat org.openqa.selenium.remote.RemoteWebElement.click(RemoteWebElement.java:76)\n\tat com.codeborne.selenide.commands.Click.defaultClick(Click.java:94)\n\tat com.codeborne.selenide.commands.Click.doClick(Click.java:72)\n\tat com.codeborne.selenide.commands.Click.click(Click.java:48)\n\tat com.codeborne.selenide.commands.Click.execute(Click.java:28)\n\tat com.codeborne.selenide.FluentCommand.execute(FluentCommand.java:27)\n\tat com.codeborne.selenide.FluentCommand.execute(FluentCommand.java:19)\n\tat com.codeborne.selenide.commands.Commands.execute(Commands.java:159)\n\tat com.codeborne.selenide.impl.SelenideElementProxy.dispatchAndRetry(SelenideElementProxy.java:131)\n\t... 37 more\n","flaky":false,"newFailed":false,"newBroken":false,"newPassed":false,"retriesCount":0,"retriesStatusChange":false,"beforeStages":[{"name":"setUp","time":{"start":1736940740388,"stop":1736940740644,"duration":256},"description":"","status":"passed","steps":[{"name":"$(\"open\") ","time":{"start":1736940740388,"stop":1736940740644,"duration":256},"status":"passed","steps":[{"name":"$(\"webdriver\") create()","time":{"start":1736940740388,"stop":1736940740644,"duration":256},"status":"passed","steps":[],"attachments":[],"parameters":[],"shouldDisplayMessage":false,"stepsCount":0,"attachmentsCount":0,"hasContent":false,"attachmentStep":false}],"attachments":[],"parameters":[],"shouldDisplayMessage":false,"stepsCount":1,"attachmentsCount":0,"hasContent":true,"attachmentStep":false}],"attachments":[],"parameters":[],"shouldDisplayMessage":false,"stepsCount":2,"attachmentsCount":0,"hasContent":true,"attachmentStep":false}],"testStage":{"description":"Test filter by muscles with validation of the number of exercises","status":"failed","statusMessage":"Invalid element state [By.xpath: //button[@type = 'button']/descendant::p[text() = 'Biceps']]: element click intercepted: Element <p data-slot=\"text\" class=\"text-base/6 dark:d-main-black font-semibold text-jefit-blue\">...</p> is not clickable at point (632, 441). Other element would receive the click: <span class=\"absolute left-1/2 top-1/2 size-[max(100%,2.75rem)] -translate-x-1/2 -translate-y-1/2 [@media(pointer:fine)]:hidden\" aria-hidden=\"true\"></span>\nScreenshot: file:/home/runner/work/Jefit/Jefit/build/reports/tests/1736940833264.1.png\nPage source: file:/home/runner/work/Jefit/Jefit/build/reports/tests/1736940833264.1.html\nTimeout: 90 s.\nCaused by: ElementClickInterceptedException: element click intercepted: Element <p data-slot=\"text\" class=\"text-base/6 dark:d-main-black font-semibold text-jefit-blue\">...</p> is not clickable at point (632, 441). Other element would receive the click: <span class=\"absolute left-1/2 top-1/2 size-[max(100%,2.75rem)] -translate-x-1/2 -translate-y-1/2 [@media(pointer:fine)]:hidden\" aria-hidden=\"true\"></span>","statusTrace":"Invalid element state [By.xpath: //button[@type = 'button']/descendant::p[text() = 'Biceps']]: element click intercepted: Element <p data-slot=\"text\" class=\"text-base/6 dark:d-main-black font-semibold text-jefit-blue\">...</p> is not clickable at point (632, 441). Other element would receive the click: <span class=\"absolute left-1/2 top-1/2 size-[max(100%,2.75rem)] -translate-x-1/2 -translate-y-1/2 [@media(pointer:fine)]:hidden\" aria-hidden=\"true\"></span>\nScreenshot: file:/home/runner/work/Jefit/Jefit/build/reports/tests/1736940833264.1.png\nPage source: file:/home/runner/work/Jefit/Jefit/build/reports/tests/1736940833264.1.html\nTimeout: 90 s.\nCaused by: ElementClickInterceptedException: element click intercepted: Element <p data-slot=\"text\" class=\"text-base/6 dark:d-main-black font-semibold text-jefit-blue\">...</p> is not clickable at point (632, 441). Other element would receive the click: <span class=\"absolute left-1/2 top-1/2 size-[max(100%,2.75rem)] -translate-x-1/2 -translate-y-1/2 [@media(pointer:fine)]:hidden\" aria-hidden=\"true\"></span>\n\tat com.codeborne.selenide.impl.ExceptionWrapper.wrap(ExceptionWrapper.java:19)\n\tat com.codeborne.selenide.impl.SelenideElementProxy.dispatchAndRetry(SelenideElementProxy.java:153)\n\tat com.codeborne.selenide.impl.SelenideElementProxy.invoke(SelenideElementProxy.java:83)\n\tat jdk.proxy2/jdk.proxy2.$Proxy32.click(Unknown Source)\n\tat pages.ExerciseDatabasePage.chooseMuscleGroup(ExerciseDatabasePage.java:61)\n\tat tests.ExerciseDatabasePageTest.checkCountExercisesWithFilterByMuscle(ExerciseDatabasePageTest.java:29)\n\tat java.base/jdk.internal.reflect.NativeMethodAccessorImpl.invoke0(Native Method)\n\tat java.base/jdk.internal.reflect.NativeMethodAccessorImpl.invoke(NativeMethodAccessorImpl.java:77)\n\tat java.base/jdk.internal.reflect.DelegatingMethodAccessorImpl.invoke(DelegatingMethodAccessorImpl.java:43)\n\tat java.base/java.lang.reflect.Method.invoke(Method.java:569)\n\tat org.testng.internal.invokers.MethodInvocationHelper.invokeMethod(MethodInvocationHelper.java:141)\n\tat org.testng.internal.invokers.TestInvoker.invokeMethod(TestInvoker.java:686)\n\tat org.testng.internal.invokers.TestInvoker.invokeTestMethod(TestInvoker.java:230)\n\tat org.testng.internal.invokers.MethodRunner.runInSequence(MethodRunner.java:63)\n\tat org.testng.internal.invokers.TestInvoker$MethodInvocationAgent.invoke(TestInvoker.java:992)\n\tat org.testng.internal.invokers.TestInvoker.invokeTestMethods(TestInvoker.java:203)\n\tat org.testng.internal.invokers.TestMethodWorker.invokeTestMethods(TestMethodWorker.java:154)\n\tat org.testng.internal.invokers.TestMethodWorker.run(TestMethodWorker.java:134)\n\tat java.base/java.util.ArrayList.forEach(ArrayList.java:1511)\n\tat org.testng.TestRunner.privateRun(TestRunner.java:739)\n\tat org.testng.TestRunner.run(TestRunner.java:614)\n\tat org.testng.SuiteRunner.runTest(SuiteRunner.java:421)\n\tat org.testng.SuiteRunner.runSequentially(SuiteRunner.java:413)\n\tat org.testng.SuiteRunner.privateRun(SuiteRunner.java:373)\n\tat org.testng.SuiteRunner.run(SuiteRunner.java:312)\n\tat org.testng.SuiteRunnerWorker.runSuite(SuiteRunnerWorker.java:52)\n\tat org.testng.SuiteRunnerWorker.run(SuiteRunnerWorker.java:95)\n\tat org.testng.TestNG.runSuitesSequentially(TestNG.java:1274)\n\tat org.testng.TestNG.runSuitesLocally(TestNG.java:1208)\n\tat org.testng.TestNG.runSuites(TestNG.java:1112)\n\tat org.testng.TestNG.run(TestNG.java:1079)\n\tat org.apache.maven.surefire.testng.TestNGExecutor.run(TestNGExecutor.java:155)\n\tat org.apache.maven.surefire.testng.TestNGDirectoryTestSuite.executeMulti(TestNGDirectoryTestSuite.java:169)\n\tat org.apache.maven.surefire.testng.TestNGDirectoryTestSuite.execute(TestNGDirectoryTestSuite.java:88)\n\tat org.apache.maven.surefire.testng.TestNGProvider.invoke(TestNGProvider.java:137)\n\tat org.apache.maven.surefire.booter.ForkedBooter.runSuitesInProcess(ForkedBooter.java:385)\n\tat org.apache.maven.surefire.booter.ForkedBooter.execute(ForkedBooter.java:162)\n\tat org.apache.maven.surefire.booter.ForkedBooter.run(ForkedBooter.java:507)\n\tat org.apache.maven.surefire.booter.ForkedBooter.main(ForkedBooter.java:495)\nCaused by: org.openqa.selenium.ElementClickInterceptedException: element click intercepted: Element <p data-slot=\"text\" class=\"text-base/6 dark:d-main-black font-semibold text-jefit-blue\">...</p> is not clickable at point (632, 441). Other element would receive the click: <span class=\"absolute left-1/2 top-1/2 size-[max(100%,2.75rem)] -translate-x-1/2 -translate-y-1/2 [@media(pointer:fine)]:hidden\" aria-hidden=\"true\"></span>\n  (Session info: chrome=131.0.6778.204)\nBuild info: version: '4.27.0', revision: 'd6e718d134'\nSystem info: os.name: 'Linux', os.arch: 'amd64', os.version: '6.8.0-1017-azure', java.version: '17.0.13'\nDriver info: org.openqa.selenium.chrome.ChromeDriver\nCommand: [15c36240c380f8c08fe70c2d9093ce75, clickElement {id=f.97CD896D2EACC328FC6D4452C4DA260A.d.3002663C045A0B8409B21EFA2BC6D154.e.70}]\nCapabilities {acceptInsecureCerts: true, browserName: chrome, browserVersion: 131.0.6778.204, chrome: {chromedriverVersion: 131.0.6778.204 (52183f9e99a..., userDataDir: /tmp/.org.chromium.Chromium...}, fedcm:accounts: true, goog:chromeOptions: {debuggerAddress: localhost:41295}, networkConnectionEnabled: false, pageLoadStrategy: normal, platformName: linux, proxy: Proxy(), se:cdp: ws://localhost:41295/devtoo..., se:cdpVersion: 131.0.6778.204, setWindowRect: true, strictFileInteractability: false, timeouts: {implicit: 0, pageLoad: 300000, script: 30000}, unhandledPromptBehavior: accept, webauthn:extension:credBlob: true, webauthn:extension:largeBlob: true, webauthn:extension:minPinLength: true, webauthn:extension:prf: true, webauthn:virtualAuthenticators: true}\nElement: [[ChromeDriver: chrome on linux (15c36240c380f8c08fe70c2d9093ce75)] -> xpath: //button[@type = 'button']/descendant::p[text() = 'Biceps']]\nSession ID: 15c36240c380f8c08fe70c2d9093ce75\n\tat jdk.internal.reflect.GeneratedConstructorAccessor20.newInstance(Unknown Source)\n\tat java.base/jdk.internal.reflect.DelegatingConstructorAccessorImpl.newInstance(DelegatingConstructorAccessorImpl.java:45)\n\tat java.base/java.lang.reflect.Constructor.newInstanceWithCaller(Constructor.java:500)\n\tat java.base/java.lang.reflect.Constructor.newInstance(Constructor.java:481)\n\tat org.openqa.selenium.remote.ErrorCodec.decode(ErrorCodec.java:167)\n\tat org.openqa.selenium.remote.codec.w3c.W3CHttpResponseCodec.decode(W3CHttpResponseCodec.java:138)\n\tat org.openqa.selenium.remote.codec.w3c.W3CHttpResponseCodec.decode(W3CHttpResponseCodec.java:50)\n\tat org.openqa.selenium.remote.HttpCommandExecutor.execute(HttpCommandExecutor.java:190)\n\tat org.openqa.selenium.remote.service.DriverCommandExecutor.invokeExecute(DriverCommandExecutor.java:216)\n\tat org.openqa.selenium.remote.service.DriverCommandExecutor.execute(DriverCommandExecutor.java:174)\n\tat org.openqa.selenium.remote.RemoteWebDriver.execute(RemoteWebDriver.java:545)\n\tat org.openqa.selenium.remote.RemoteWebElement.execute(RemoteWebElement.java:223)\n\tat org.openqa.selenium.remote.RemoteWebElement.click(RemoteWebElement.java:76)\n\tat com.codeborne.selenide.commands.Click.defaultClick(Click.java:94)\n\tat com.codeborne.selenide.commands.Click.doClick(Click.java:72)\n\tat com.codeborne.selenide.commands.Click.click(Click.java:48)\n\tat com.codeborne.selenide.commands.Click.execute(Click.java:28)\n\tat com.codeborne.selenide.FluentCommand.execute(FluentCommand.java:27)\n\tat com.codeborne.selenide.FluentCommand.execute(FluentCommand.java:19)\n\tat com.codeborne.selenide.commands.Commands.execute(Commands.java:159)\n\tat com.codeborne.selenide.impl.SelenideElementProxy.dispatchAndRetry(SelenideElementProxy.java:131)\n\t... 37 more\n","steps":[{"name":"Open main page","time":{"start":1736940740647,"stop":1736940742416,"duration":1769},"status":"passed","steps":[{"name":"$(\"open\") https://www.jefit.com/","time":{"start":1736940740647,"stop":1736940740916,"duration":269},"status":"passed","steps":[],"attachments":[],"parameters":[],"shouldDisplayMessage":false,"stepsCount":0,"attachmentsCount":0,"hasContent":false,"attachmentStep":false}],"attachments":[],"parameters":[],"shouldDisplayMessage":false,"stepsCount":1,"attachmentsCount":0,"hasContent":true,"attachmentStep":false},{"name":"Is page opened","time":{"start":1736940742416,"stop":1736940742452,"duration":36},"status":"passed","steps":[{"name":"$(\"By.xpath:  //a[normalize-space()='Log In']\") should be(visible)","time":{"start":1736940742416,"stop":1736940742434,"duration":18},"status":"passed","steps":[],"attachments":[],"parameters":[],"shouldDisplayMessage":false,"stepsCount":0,"attachmentsCount":0,"hasContent":false,"attachmentStep":false},{"name":"$(\"By.xpath:  //a[normalize-space()='Log In']\") should be(clickable: interactable and enabled)","time":{"start":1736940742434,"stop":1736940742452,"duration":18},"status":"passed","steps":[],"attachments":[],"parameters":[],"shouldDisplayMessage":false,"stepsCount":0,"attachmentsCount":0,"hasContent":false,"attachmentStep":false}],"attachments":[],"parameters":[],"shouldDisplayMessage":false,"stepsCount":2,"attachmentsCount":0,"hasContent":true,"attachmentStep":false},{"name":"Click to exercises","time":{"start":1736940742452,"stop":1736940742547,"duration":95},"status":"passed","steps":[{"name":"$(\"By.xpath: //a[normalize-space()='Exercises']\") should be(clickable: interactable and enabled)","time":{"start":1736940742453,"stop":1736940742470,"duration":17},"status":"passed","steps":[],"attachments":[],"parameters":[],"shouldDisplayMessage":false,"stepsCount":0,"attachmentsCount":0,"hasContent":false,"attachmentStep":false},{"name":"$(\"By.xpath: //a[normalize-space()='Exercises']\") click()","time":{"start":1736940742470,"stop":1736940742547,"duration":77},"status":"passed","steps":[],"attachments":[],"parameters":[],"shouldDisplayMessage":false,"stepsCount":0,"attachmentsCount":0,"hasContent":false,"attachmentStep":false}],"attachments":[],"parameters":[],"shouldDisplayMessage":false,"stepsCount":2,"attachmentsCount":0,"hasContent":true,"attachmentStep":false},{"name":"Open page","time":{"start":1736940742547,"stop":1736940743046,"duration":499},"status":"passed","steps":[{"name":"$(\"open\") https://www.jefit.com/exercises","time":{"start":1736940742548,"stop":1736940743046,"duration":498},"status":"passed","steps":[],"attachments":[],"parameters":[],"shouldDisplayMessage":false,"stepsCount":0,"attachmentsCount":0,"hasContent":false,"attachmentStep":false}],"attachments":[],"parameters":[],"shouldDisplayMessage":false,"stepsCount":1,"attachmentsCount":0,"hasContent":true,"attachmentStep":false},{"name":"Is page opened","time":{"start":1736940743047,"stop":1736940743065,"duration":18},"status":"passed","steps":[{"name":"$(\"By.xpath: //img[@alt='body equipment example']\") should be(visible)","time":{"start":1736940743047,"stop":1736940743065,"duration":18},"status":"passed","steps":[],"attachments":[],"parameters":[],"shouldDisplayMessage":false,"stepsCount":0,"attachmentsCount":0,"hasContent":false,"attachmentStep":false}],"attachments":[],"parameters":[],"shouldDisplayMessage":false,"stepsCount":1,"attachmentsCount":0,"hasContent":true,"attachmentStep":false},{"name":"Choose muscle group Biceps","time":{"start":1736940743065,"stop":1736940833769,"duration":90704},"status":"failed","statusMessage":"Invalid element state [By.xpath: //button[@type = 'button']/descendant::p[text() = 'Biceps']]: element click intercepted: Element <p data-slot=\"text\" class=\"text-base/6 dark:d-main-black font-semibold text-jefit-blue\">...</p> is not clickable at point (632, 441). Other element would receive the click: <span class=\"absolute left-1/2 top-1/2 size-[max(100%,2.75rem)] -translate-x-1/2 -translate-y-1/2 [@media(pointer:fine)]:hidden\" aria-hidden=\"true\"></span>\nScreenshot: file:/home/runner/work/Jefit/Jefit/build/reports/tests/1736940833264.1.png\nPage source: file:/home/runner/work/Jefit/Jefit/build/reports/tests/1736940833264.1.html\nTimeout: 90 s.\nCaused by: ElementClickInterceptedException: element click intercepted: Element <p data-slot=\"text\" class=\"text-base/6 dark:d-main-black font-semibold text-jefit-blue\">...</p> is not clickable at point (632, 441). Other element would receive the click: <span class=\"absolute left-1/2 top-1/2 size-[max(100%,2.75rem)] -translate-x-1/2 -translate-y-1/2 [@media(pointer:fine)]:hidden\" aria-hidden=\"true\"></span>","statusTrace":"Invalid element state [By.xpath: //button[@type = 'button']/descendant::p[text() = 'Biceps']]: element click intercepted: Element <p data-slot=\"text\" class=\"text-base/6 dark:d-main-black font-semibold text-jefit-blue\">...</p> is not clickable at point (632, 441). Other element would receive the click: <span class=\"absolute left-1/2 top-1/2 size-[max(100%,2.75rem)] -translate-x-1/2 -translate-y-1/2 [@media(pointer:fine)]:hidden\" aria-hidden=\"true\"></span>\nScreenshot: file:/home/runner/work/Jefit/Jefit/build/reports/tests/1736940833264.1.png\nPage source: file:/home/runner/work/Jefit/Jefit/build/reports/tests/1736940833264.1.html\nTimeout: 90 s.\nCaused by: ElementClickInterceptedException: element click intercepted: Element <p data-slot=\"text\" class=\"text-base/6 dark:d-main-black font-semibold text-jefit-blue\">...</p> is not clickable at point (632, 441). Other element would receive the click: <span class=\"absolute left-1/2 top-1/2 size-[max(100%,2.75rem)] -translate-x-1/2 -translate-y-1/2 [@media(pointer:fine)]:hidden\" aria-hidden=\"true\"></span>\n\tat com.codeborne.selenide.impl.ExceptionWrapper.wrap(ExceptionWrapper.java:19)\n\tat com.codeborne.selenide.impl.SelenideElementProxy.dispatchAndRetry(SelenideElementProxy.java:153)\n\tat com.codeborne.selenide.impl.SelenideElementProxy.invoke(SelenideElementProxy.java:83)\n\tat jdk.proxy2/jdk.proxy2.$Proxy32.click(Unknown Source)\n\tat pages.ExerciseDatabasePage.chooseMuscleGroup(ExerciseDatabasePage.java:61)\n\tat tests.ExerciseDatabasePageTest.checkCountExercisesWithFilterByMuscle(ExerciseDatabasePageTest.java:29)\n\tat java.base/jdk.internal.reflect.NativeMethodAccessorImpl.invoke0(Native Method)\n\tat java.base/jdk.internal.reflect.NativeMethodAccessorImpl.invoke(NativeMethodAccessorImpl.java:77)\n\tat java.base/jdk.internal.reflect.DelegatingMethodAccessorImpl.invoke(DelegatingMethodAccessorImpl.java:43)\n\tat java.base/java.lang.reflect.Method.invoke(Method.java:569)\n\tat org.testng.internal.invokers.MethodInvocationHelper.invokeMethod(MethodInvocationHelper.java:141)\n\tat org.testng.internal.invokers.TestInvoker.invokeMethod(TestInvoker.java:686)\n\tat org.testng.internal.invokers.TestInvoker.invokeTestMethod(TestInvoker.java:230)\n\tat org.testng.internal.invokers.MethodRunner.runInSequence(MethodRunner.java:63)\n\tat org.testng.internal.invokers.TestInvoker$MethodInvocationAgent.invoke(TestInvoker.java:992)\n\tat org.testng.internal.invokers.TestInvoker.invokeTestMethods(TestInvoker.java:203)\n\tat org.testng.internal.invokers.TestMethodWorker.invokeTestMethods(TestMethodWorker.java:154)\n\tat org.testng.internal.invokers.TestMethodWorker.run(TestMethodWorker.java:134)\n\tat java.base/java.util.ArrayList.forEach(ArrayList.java:1511)\n\tat org.testng.TestRunner.privateRun(TestRunner.java:739)\n\tat org.testng.TestRunner.run(TestRunner.java:614)\n\tat org.testng.SuiteRunner.runTest(SuiteRunner.java:421)\n\tat org.testng.SuiteRunner.runSequentially(SuiteRunner.java:413)\n\tat org.testng.SuiteRunner.privateRun(SuiteRunner.java:373)\n\tat org.testng.SuiteRunner.run(SuiteRunner.java:312)\n\tat org.testng.SuiteRunnerWorker.runSuite(SuiteRunnerWorker.java:52)\n\tat org.testng.SuiteRunnerWorker.run(SuiteRunnerWorker.java:95)\n\tat org.testng.TestNG.runSuitesSequentially(TestNG.java:1274)\n\tat org.testng.TestNG.runSuitesLocally(TestNG.java:1208)\n\tat org.testng.TestNG.runSuites(TestNG.java:1112)\n\tat org.testng.TestNG.run(TestNG.java:1079)\n\tat org.apache.maven.surefire.testng.TestNGExecutor.run(TestNGExecutor.java:155)\n\tat org.apache.maven.surefire.testng.TestNGDirectoryTestSuite.executeMulti(TestNGDirectoryTestSuite.java:169)\n\tat org.apache.maven.surefire.testng.TestNGDirectoryTestSuite.execute(TestNGDirectoryTestSuite.java:88)\n\tat org.apache.maven.surefire.testng.TestNGProvider.invoke(TestNGProvider.java:137)\n\tat org.apache.maven.surefire.booter.ForkedBooter.runSuitesInProcess(ForkedBooter.java:385)\n\tat org.apache.maven.surefire.booter.ForkedBooter.execute(ForkedBooter.java:162)\n\tat org.apache.maven.surefire.booter.ForkedBooter.run(ForkedBooter.java:507)\n\tat org.apache.maven.surefire.booter.ForkedBooter.main(ForkedBooter.java:495)\nCaused by: org.openqa.selenium.ElementClickInterceptedException: element click intercepted: Element <p data-slot=\"text\" class=\"text-base/6 dark:d-main-black font-semibold text-jefit-blue\">...</p> is not clickable at point (632, 441). Other element would receive the click: <span class=\"absolute left-1/2 top-1/2 size-[max(100%,2.75rem)] -translate-x-1/2 -translate-y-1/2 [@media(pointer:fine)]:hidden\" aria-hidden=\"true\"></span>\n  (Session info: chrome=131.0.6778.204)\nBuild info: version: '4.27.0', revision: 'd6e718d134'\nSystem info: os.name: 'Linux', os.arch: 'amd64', os.version: '6.8.0-1017-azure', java.version: '17.0.13'\nDriver info: org.openqa.selenium.chrome.ChromeDriver\nCommand: [15c36240c380f8c08fe70c2d9093ce75, clickElement {id=f.97CD896D2EACC328FC6D4452C4DA260A.d.3002663C045A0B8409B21EFA2BC6D154.e.70}]\nCapabilities {acceptInsecureCerts: true, browserName: chrome, browserVersion: 131.0.6778.204, chrome: {chromedriverVersion: 131.0.6778.204 (52183f9e99a..., userDataDir: /tmp/.org.chromium.Chromium...}, fedcm:accounts: true, goog:chromeOptions: {debuggerAddress: localhost:41295}, networkConnectionEnabled: false, pageLoadStrategy: normal, platformName: linux, proxy: Proxy(), se:cdp: ws://localhost:41295/devtoo..., se:cdpVersion: 131.0.6778.204, setWindowRect: true, strictFileInteractability: false, timeouts: {implicit: 0, pageLoad: 300000, script: 30000}, unhandledPromptBehavior: accept, webauthn:extension:credBlob: true, webauthn:extension:largeBlob: true, webauthn:extension:minPinLength: true, webauthn:extension:prf: true, webauthn:virtualAuthenticators: true}\nElement: [[ChromeDriver: chrome on linux (15c36240c380f8c08fe70c2d9093ce75)] -> xpath: //button[@type = 'button']/descendant::p[text() = 'Biceps']]\nSession ID: 15c36240c380f8c08fe70c2d9093ce75\n\tat jdk.internal.reflect.GeneratedConstructorAccessor20.newInstance(Unknown Source)\n\tat java.base/jdk.internal.reflect.DelegatingConstructorAccessorImpl.newInstance(DelegatingConstructorAccessorImpl.java:45)\n\tat java.base/java.lang.reflect.Constructor.newInstanceWithCaller(Constructor.java:500)\n\tat java.base/java.lang.reflect.Constructor.newInstance(Constructor.java:481)\n\tat org.openqa.selenium.remote.ErrorCodec.decode(ErrorCodec.java:167)\n\tat org.openqa.selenium.remote.codec.w3c.W3CHttpResponseCodec.decode(W3CHttpResponseCodec.java:138)\n\tat org.openqa.selenium.remote.codec.w3c.W3CHttpResponseCodec.decode(W3CHttpResponseCodec.java:50)\n\tat org.openqa.selenium.remote.HttpCommandExecutor.execute(HttpCommandExecutor.java:190)\n\tat org.openqa.selenium.remote.service.DriverCommandExecutor.invokeExecute(DriverCommandExecutor.java:216)\n\tat org.openqa.selenium.remote.service.DriverCommandExecutor.execute(DriverCommandExecutor.java:174)\n\tat org.openqa.selenium.remote.RemoteWebDriver.execute(RemoteWebDriver.java:545)\n\tat org.openqa.selenium.remote.RemoteWebElement.execute(RemoteWebElement.java:223)\n\tat org.openqa.selenium.remote.RemoteWebElement.click(RemoteWebElement.java:76)\n\tat com.codeborne.selenide.commands.Click.defaultClick(Click.java:94)\n\tat com.codeborne.selenide.commands.Click.doClick(Click.java:72)\n\tat com.codeborne.selenide.commands.Click.click(Click.java:48)\n\tat com.codeborne.selenide.commands.Click.execute(Click.java:28)\n\tat com.codeborne.selenide.FluentCommand.execute(FluentCommand.java:27)\n\tat com.codeborne.selenide.FluentCommand.execute(FluentCommand.java:19)\n\tat com.codeborne.selenide.commands.Commands.execute(Commands.java:159)\n\tat com.codeborne.selenide.impl.SelenideElementProxy.dispatchAndRetry(SelenideElementProxy.java:131)\n\t... 37 more\n","steps":[{"name":"$(\"By.xpath: //button[@type = 'button']/descendant::p[text() = 'Biceps']\") click()","time":{"start":1736940743065,"stop":1736940833769,"duration":90704},"status":"failed","statusMessage":"Invalid element state [By.xpath: //button[@type = 'button']/descendant::p[text() = 'Biceps']]: element click intercepted: Element <p data-slot=\"text\" class=\"text-base/6 dark:d-main-black font-semibold text-jefit-blue\">...</p> is not clickable at point (632, 441). Other element would receive the click: <span class=\"absolute left-1/2 top-1/2 size-[max(100%,2.75rem)] -translate-x-1/2 -translate-y-1/2 [@media(pointer:fine)]:hidden\" aria-hidden=\"true\"></span>\nScreenshot: file:/home/runner/work/Jefit/Jefit/build/reports/tests/1736940833264.1.png\nPage source: file:/home/runner/work/Jefit/Jefit/build/reports/tests/1736940833264.1.html\nTimeout: 90 s.\nCaused by: ElementClickInterceptedException: element click intercepted: Element <p data-slot=\"text\" class=\"text-base/6 dark:d-main-black font-semibold text-jefit-blue\">...</p> is not clickable at point (632, 441). Other element would receive the click: <span class=\"absolute left-1/2 top-1/2 size-[max(100%,2.75rem)] -translate-x-1/2 -translate-y-1/2 [@media(pointer:fine)]:hidden\" aria-hidden=\"true\"></span>","statusTrace":"Invalid element state [By.xpath: //button[@type = 'button']/descendant::p[text() = 'Biceps']]: element click intercepted: Element <p data-slot=\"text\" class=\"text-base/6 dark:d-main-black font-semibold text-jefit-blue\">...</p> is not clickable at point (632, 441). Other element would receive the click: <span class=\"absolute left-1/2 top-1/2 size-[max(100%,2.75rem)] -translate-x-1/2 -translate-y-1/2 [@media(pointer:fine)]:hidden\" aria-hidden=\"true\"></span>\nScreenshot: file:/home/runner/work/Jefit/Jefit/build/reports/tests/1736940833264.1.png\nPage source: file:/home/runner/work/Jefit/Jefit/build/reports/tests/1736940833264.1.html\nTimeout: 90 s.\nCaused by: ElementClickInterceptedException: element click intercepted: Element <p data-slot=\"text\" class=\"text-base/6 dark:d-main-black font-semibold text-jefit-blue\">...</p> is not clickable at point (632, 441). Other element would receive the click: <span class=\"absolute left-1/2 top-1/2 size-[max(100%,2.75rem)] -translate-x-1/2 -translate-y-1/2 [@media(pointer:fine)]:hidden\" aria-hidden=\"true\"></span>\n\tat com.codeborne.selenide.impl.ExceptionWrapper.wrap(ExceptionWrapper.java:19)\n\tat com.codeborne.selenide.impl.SelenideElementProxy.dispatchAndRetry(SelenideElementProxy.java:153)\n\tat com.codeborne.selenide.impl.SelenideElementProxy.invoke(SelenideElementProxy.java:83)\n\tat jdk.proxy2/jdk.proxy2.$Proxy32.click(Unknown Source)\n\tat pages.ExerciseDatabasePage.chooseMuscleGroup(ExerciseDatabasePage.java:61)\n\tat tests.ExerciseDatabasePageTest.checkCountExercisesWithFilterByMuscle(ExerciseDatabasePageTest.java:29)\n\tat java.base/jdk.internal.reflect.NativeMethodAccessorImpl.invoke0(Native Method)\n\tat java.base/jdk.internal.reflect.NativeMethodAccessorImpl.invoke(NativeMethodAccessorImpl.java:77)\n\tat java.base/jdk.internal.reflect.DelegatingMethodAccessorImpl.invoke(DelegatingMethodAccessorImpl.java:43)\n\tat java.base/java.lang.reflect.Method.invoke(Method.java:569)\n\tat org.testng.internal.invokers.MethodInvocationHelper.invokeMethod(MethodInvocationHelper.java:141)\n\tat org.testng.internal.invokers.TestInvoker.invokeMethod(TestInvoker.java:686)\n\tat org.testng.internal.invokers.TestInvoker.invokeTestMethod(TestInvoker.java:230)\n\tat org.testng.internal.invokers.MethodRunner.runInSequence(MethodRunner.java:63)\n\tat org.testng.internal.invokers.TestInvoker$MethodInvocationAgent.invoke(TestInvoker.java:992)\n\tat org.testng.internal.invokers.TestInvoker.invokeTestMethods(TestInvoker.java:203)\n\tat org.testng.internal.invokers.TestMethodWorker.invokeTestMethods(TestMethodWorker.java:154)\n\tat org.testng.internal.invokers.TestMethodWorker.run(TestMethodWorker.java:134)\n\tat java.base/java.util.ArrayList.forEach(ArrayList.java:1511)\n\tat org.testng.TestRunner.privateRun(TestRunner.java:739)\n\tat org.testng.TestRunner.run(TestRunner.java:614)\n\tat org.testng.SuiteRunner.runTest(SuiteRunner.java:421)\n\tat org.testng.SuiteRunner.runSequentially(SuiteRunner.java:413)\n\tat org.testng.SuiteRunner.privateRun(SuiteRunner.java:373)\n\tat org.testng.SuiteRunner.run(SuiteRunner.java:312)\n\tat org.testng.SuiteRunnerWorker.runSuite(SuiteRunnerWorker.java:52)\n\tat org.testng.SuiteRunnerWorker.run(SuiteRunnerWorker.java:95)\n\tat org.testng.TestNG.runSuitesSequentially(TestNG.java:1274)\n\tat org.testng.TestNG.runSuitesLocally(TestNG.java:1208)\n\tat org.testng.TestNG.runSuites(TestNG.java:1112)\n\tat org.testng.TestNG.run(TestNG.java:1079)\n\tat org.apache.maven.surefire.testng.TestNGExecutor.run(TestNGExecutor.java:155)\n\tat org.apache.maven.surefire.testng.TestNGDirectoryTestSuite.executeMulti(TestNGDirectoryTestSuite.java:169)\n\tat org.apache.maven.surefire.testng.TestNGDirectoryTestSuite.execute(TestNGDirectoryTestSuite.java:88)\n\tat org.apache.maven.surefire.testng.TestNGProvider.invoke(TestNGProvider.java:137)\n\tat org.apache.maven.surefire.booter.ForkedBooter.runSuitesInProcess(ForkedBooter.java:385)\n\tat org.apache.maven.surefire.booter.ForkedBooter.execute(ForkedBooter.java:162)\n\tat org.apache.maven.surefire.booter.ForkedBooter.run(ForkedBooter.java:507)\n\tat org.apache.maven.surefire.booter.ForkedBooter.main(ForkedBooter.java:495)\nCaused by: org.openqa.selenium.ElementClickInterceptedException: element click intercepted: Element <p data-slot=\"text\" class=\"text-base/6 dark:d-main-black font-semibold text-jefit-blue\">...</p> is not clickable at point (632, 441). Other element would receive the click: <span class=\"absolute left-1/2 top-1/2 size-[max(100%,2.75rem)] -translate-x-1/2 -translate-y-1/2 [@media(pointer:fine)]:hidden\" aria-hidden=\"true\"></span>\n  (Session info: chrome=131.0.6778.204)\nBuild info: version: '4.27.0', revision: 'd6e718d134'\nSystem info: os.name: 'Linux', os.arch: 'amd64', os.version: '6.8.0-1017-azure', java.version: '17.0.13'\nDriver info: org.openqa.selenium.chrome.ChromeDriver\nCommand: [15c36240c380f8c08fe70c2d9093ce75, clickElement {id=f.97CD896D2EACC328FC6D4452C4DA260A.d.3002663C045A0B8409B21EFA2BC6D154.e.70}]\nCapabilities {acceptInsecureCerts: true, browserName: chrome, browserVersion: 131.0.6778.204, chrome: {chromedriverVersion: 131.0.6778.204 (52183f9e99a..., userDataDir: /tmp/.org.chromium.Chromium...}, fedcm:accounts: true, goog:chromeOptions: {debuggerAddress: localhost:41295}, networkConnectionEnabled: false, pageLoadStrategy: normal, platformName: linux, proxy: Proxy(), se:cdp: ws://localhost:41295/devtoo..., se:cdpVersion: 131.0.6778.204, setWindowRect: true, strictFileInteractability: false, timeouts: {implicit: 0, pageLoad: 300000, script: 30000}, unhandledPromptBehavior: accept, webauthn:extension:credBlob: true, webauthn:extension:largeBlob: true, webauthn:extension:minPinLength: true, webauthn:extension:prf: true, webauthn:virtualAuthenticators: true}\nElement: [[ChromeDriver: chrome on linux (15c36240c380f8c08fe70c2d9093ce75)] -> xpath: //button[@type = 'button']/descendant::p[text() = 'Biceps']]\nSession ID: 15c36240c380f8c08fe70c2d9093ce75\n\tat jdk.internal.reflect.GeneratedConstructorAccessor20.newInstance(Unknown Source)\n\tat java.base/jdk.internal.reflect.DelegatingConstructorAccessorImpl.newInstance(DelegatingConstructorAccessorImpl.java:45)\n\tat java.base/java.lang.reflect.Constructor.newInstanceWithCaller(Constructor.java:500)\n\tat java.base/java.lang.reflect.Constructor.newInstance(Constructor.java:481)\n\tat org.openqa.selenium.remote.ErrorCodec.decode(ErrorCodec.java:167)\n\tat org.openqa.selenium.remote.codec.w3c.W3CHttpResponseCodec.decode(W3CHttpResponseCodec.java:138)\n\tat org.openqa.selenium.remote.codec.w3c.W3CHttpResponseCodec.decode(W3CHttpResponseCodec.java:50)\n\tat org.openqa.selenium.remote.HttpCommandExecutor.execute(HttpCommandExecutor.java:190)\n\tat org.openqa.selenium.remote.service.DriverCommandExecutor.invokeExecute(DriverCommandExecutor.java:216)\n\tat org.openqa.selenium.remote.service.DriverCommandExecutor.execute(DriverCommandExecutor.java:174)\n\tat org.openqa.selenium.remote.RemoteWebDriver.execute(RemoteWebDriver.java:545)\n\tat org.openqa.selenium.remote.RemoteWebElement.execute(RemoteWebElement.java:223)\n\tat org.openqa.selenium.remote.RemoteWebElement.click(RemoteWebElement.java:76)\n\tat com.codeborne.selenide.commands.Click.defaultClick(Click.java:94)\n\tat com.codeborne.selenide.commands.Click.doClick(Click.java:72)\n\tat com.codeborne.selenide.commands.Click.click(Click.java:48)\n\tat com.codeborne.selenide.commands.Click.execute(Click.java:28)\n\tat com.codeborne.selenide.FluentCommand.execute(FluentCommand.java:27)\n\tat com.codeborne.selenide.FluentCommand.execute(FluentCommand.java:19)\n\tat com.codeborne.selenide.commands.Commands.execute(Commands.java:159)\n\tat com.codeborne.selenide.impl.SelenideElementProxy.dispatchAndRetry(SelenideElementProxy.java:131)\n\t... 37 more\n","steps":[],"attachments":[{"uid":"43cc03f5877325f5","name":"Screenshot","source":"43cc03f5877325f5.png","type":"image/png","size":405998},{"uid":"2d96863ba510fb67","name":"Page source","source":"2d96863ba510fb67.html","type":"text/html","size":1007461}],"parameters":[],"shouldDisplayMessage":true,"stepsCount":0,"attachmentsCount":2,"hasContent":true,"attachmentStep":false}],"attachments":[],"parameters":[{"name":"muscle","value":"Biceps"}],"shouldDisplayMessage":false,"stepsCount":1,"attachmentsCount":2,"hasContent":true,"attachmentStep":false}],"attachments":[],"parameters":[],"shouldDisplayMessage":false,"stepsCount":14,"attachmentsCount":2,"hasContent":true,"attachmentStep":false},"afterStages":[{"name":"tearDown","time":{"start":1736940833771,"stop":1736940833873,"duration":102},"description":"","status":"passed","steps":[],"attachments":[],"parameters":[],"shouldDisplayMessage":false,"stepsCount":0,"attachmentsCount":0,"hasContent":false,"attachmentStep":false}],"labels":[{"name":"package","value":"tests.ExerciseDatabasePageTest"},{"name":"testClass","value":"tests.ExerciseDatabasePageTest"},{"name":"testMethod","value":"checkCountExercisesWithFilterByMuscle"},{"name":"parentSuite","value":"Surefire suite"},{"name":"suite","value":"Surefire test"},{"name":"subSuite","value":"tests.ExerciseDatabasePageTest"},{"name":"host","value":"fv-az1768-238"},{"name":"thread","value":"2419@fv-az1768-238.main(1)"},{"name":"framework","value":"testng"},{"name":"language","value":"java"},{"name":"resultFormat","value":"allure2"}],"parameters":[],"links":[],"hidden":false,"retry":false,"extra":{"severity":"normal","retries":[],"categories":[{"name":"Product defects","matchedStatuses":[],"flaky":false}],"history":{"statistic":{"failed":2,"broken":0,"skipped":0,"passed":0,"unknown":0,"total":2},"items":[{"uid":"488b6df826f8396","reportUrl":"https://OlegShackleford.github.io/Jefit/14//#testresult/488b6df826f8396","status":"failed","statusDetails":"Invalid element state [By.xpath: //button[@type = 'button']/descendant::p[text() = 'Biceps']]: element click intercepted: Element <p data-slot=\"text\" class=\"text-base/6 dark:d-main-black font-semibold text-jefit-blue\">...</p> is not clickable at point (632, 441). Other element would receive the click: <span class=\"absolute left-1/2 top-1/2 size-[max(100%,2.75rem)] -translate-x-1/2 -translate-y-1/2 [@media(pointer:fine)]:hidden\" aria-hidden=\"true\"></span>\nScreenshot: file:/home/runner/work/Jefit/Jefit/build/reports/tests/1736939527254.1.png\nPage source: file:/home/runner/work/Jefit/Jefit/build/reports/tests/1736939527254.1.html\nTimeout: 90 s.\nCaused by: ElementClickInterceptedException: element click intercepted: Element <p data-slot=\"text\" class=\"text-base/6 dark:d-main-black font-semibold text-jefit-blue\">...</p> is not clickable at point (632, 441). Other element would receive the click: <span class=\"absolute left-1/2 top-1/2 size-[max(100%,2.75rem)] -translate-x-1/2 -translate-y-1/2 [@media(pointer:fine)]:hidden\" aria-hidden=\"true\"></span>","time":{"start":1736939431347,"stop":1736939527755,"duration":96408}}]},"tags":[]},"source":"82739a1f77eef242.json","parameterValues":[]}